2000.06.12 11:15 B e:\lawatch\eng1\quart\graphs_1999\e_first_quar_99_j1.jpg <-- lawatch /home/lawatch/public_html/eng1/quart/graphs_1999 e_first_quar_99_j1.jpg
2000.06.12 11:15 B e:\lawatch\eng1\quart\graphs_1999\e_first_quar_99_j21.jpg <-- lawatch /home/lawatch/public_html/eng1/quart/graphs_1999 e_first_quar_99_j21.jpg
2000.06.12 11:15 B e:\lawatch\eng1\quart\graphs_1999\e_first_quar_99_j22.jpg <-- lawatch /home/lawatch/public_html/eng1/quart/graphs_1999 e_first_quar_99_j22.jpg
2000.06.12 11:15 B e:\lawatch\eng1\quart\graphs_1999\e_first_quar_99_j23.jpg <-- lawatch /home/lawatch/public_html/eng1/quart/graphs_1999 e_first_quar_99_j23.jpg
2000.06.12 11:15 B e:\lawatch\eng1\quart\graphs_1999\e_first_quar_99_length.jpg <-- lawatch /home/lawatch/public_html/eng1/quart/graphs_1999 e_first_quar_99_length.jpg
2000.06.12 11:15 B e:\lawatch\eng1\quart\graphs_1999\e_first_quar_99_long.jpg <-- lawatch /home/lawatch/public_html/eng1/quart/graphs_1999 e_first_quar_99_long.jpg
2000.06.12 11:15 B e:\lawatch\eng1\quart\graphs_1999\e_first_quar_99_subject.jpg <-- lawatch /home/lawatch/public_html/eng1/quart/graphs_1999 e_first_quar_99_subject.jpg
2000.06.12 11:15 B e:\lawatch\eng1\quart\graphs_1999\e_second_quar_99_j1.jpg <-- lawatch /home/lawatch/public_html/eng1/quart/graphs_1999 e_second_quar_99_j1.jpg
2000.06.12 11:15 B e:\lawatch\eng1\quart\graphs_1999\e_second_quar_99_j21.jpg <-- lawatch /home/lawatch/public_html/eng1/quart/graphs_1999 e_second_quar_99_j21.jpg
2000.06.12 11:15 B e:\lawatch\eng1\quart\graphs_1999\e_second_quar_99_j22.jpg <-- lawatch /home/lawatch/public_html/eng1/quart/graphs_1999 e_second_quar_99_j22.jpg
2000.06.12 11:15 B e:\lawatch\eng1\quart\graphs_1999\e_second_quar_99_j23.jpg <-- lawatch /home/lawatch/public_html/eng1/quart/graphs_1999 e_second_quar_99_j23.jpg
2000.06.12 11:15 B e:\lawatch\eng1\quart\graphs_1999\e_second_quar_99_length.jpg <-- lawatch /home/lawatch/public_html/eng1/quart/graphs_1999 e_second_quar_99_length.jpg
2000.06.12 11:15 B e:\lawatch\eng1\quart\graphs_1999\e_second_quar_99_long.jpg <-- lawatch /home/lawatch/public_html/eng1/quart/graphs_1999 e_second_quar_99_long.jpg
2000.06.12 11:15 B e:\lawatch\eng1\quart\graphs_1999\e_second_quar_99_subject.jpg <-- lawatch /home/lawatch/public_html/eng1/quart/graphs_1999 e_second_quar_99_subject.jpg
2000.06.12 11:15 B e:\lawatch\eng1\quart\graphs_1999\e_third_quar_99_j1.jpg <-- lawatch /home/lawatch/public_html/eng1/quart/graphs_1999 e_third_quar_99_j1.jpg
2000.06.12 11:15 B e:\lawatch\eng1\quart\graphs_1999\e_third_quar_99_j21.jpg <-- lawatch /home/lawatch/public_html/eng1/quart/graphs_1999 e_third_quar_99_j21.jpg
2000.06.12 11:15 B e:\lawatch\eng1\quart\graphs_1999\e_third_quar_99_j22.jpg <-- lawatch /home/lawatch/public_html/eng1/quart/graphs_1999 e_third_quar_99_j22.jpg
2000.06.12 11:15 B e:\lawatch\eng1\quart\graphs_1999\e_third_quar_99_j23.jpg <-- lawatch /home/lawatch/public_html/eng1/quart/graphs_1999 e_third_quar_99_j23.jpg
2000.06.12 11:15 B e:\lawatch\eng1\quart\graphs_1999\e_third_quar_99_length.jpg <-- lawatch /home/lawatch/public_html/eng1/quart/graphs_1999 e_third_quar_99_length.jpg
2000.06.12 11:15 B e:\lawatch\eng1\quart\graphs_1999\e_third_quar_99_long.jpg <-- lawatch /home/lawatch/public_html/eng1/quart/graphs_1999 e_third_quar_99_long.jpg
2000.06.12 11:15 B e:\lawatch\eng1\quart\graphs_1999\e_third_quar_99_subject.jpg <-- lawatch /home/lawatch/public_html/eng1/quart/graphs_1999 e_third_quar_99_subject.jpg
