2000.03.27 11:54 B C:\tali\eng\daily\html_1999\april_g.htm <-- lawatch /home/lawatch/public_html/eng/daily/html_1999 april_g.htm
2000.03.27 11:54 B C:\tali\eng\daily\html_1999\april_t.htm <-- lawatch /home/lawatch/public_html/eng/daily/html_1999 april_t.htm
2000.03.27 11:54 B C:\tali\eng\daily\html_1999\august_g.htm <-- lawatch /home/lawatch/public_html/eng/daily/html_1999 august_g.htm
2000.03.27 11:54 B C:\tali\eng\daily\html_1999\august_t.htm <-- lawatch /home/lawatch/public_html/eng/daily/html_1999 august_t.htm
2000.03.27 11:54 B C:\tali\eng\daily\html_1999\enov_day_g.htm <-- lawatch /home/lawatch/public_html/eng/daily/html_1999 enov_day_g.htm
2000.03.27 11:54 B C:\tali\eng\daily\html_1999\enov_day_t.htm <-- lawatch /home/lawatch/public_html/eng/daily/html_1999 enov_day_t.htm
2000.03.27 11:54 B C:\tali\eng\daily\html_1999\eoct_day_g.htm <-- lawatch /home/lawatch/public_html/eng/daily/html_1999 eoct_day_g.htm
2000.03.27 11:54 B C:\tali\eng\daily\html_1999\eoct_day_t.htm <-- lawatch /home/lawatch/public_html/eng/daily/html_1999 eoct_day_t.htm
2000.03.27 11:54 B C:\tali\eng\daily\html_1999\february_g.htm <-- lawatch /home/lawatch/public_html/eng/daily/html_1999 february_g.htm
2000.03.27 11:54 B C:\tali\eng\daily\html_1999\february_t.htm <-- lawatch /home/lawatch/public_html/eng/daily/html_1999 february_t.htm
2000.03.27 11:54 B C:\tali\eng\daily\html_1999\january_g.htm <-- lawatch /home/lawatch/public_html/eng/daily/html_1999 january_g.htm
2000.03.27 11:54 B C:\tali\eng\daily\html_1999\january_t.htm <-- lawatch /home/lawatch/public_html/eng/daily/html_1999 january_t.htm
2000.03.27 11:54 B C:\tali\eng\daily\html_1999\july_g.htm <-- lawatch /home/lawatch/public_html/eng/daily/html_1999 july_g.htm
2000.03.27 11:54 B C:\tali\eng\daily\html_1999\july_t.htm <-- lawatch /home/lawatch/public_html/eng/daily/html_1999 july_t.htm
2000.03.27 11:54 B C:\tali\eng\daily\html_1999\june_g.htm <-- lawatch /home/lawatch/public_html/eng/daily/html_1999 june_g.htm
2000.03.27 11:54 B C:\tali\eng\daily\html_1999\june_t.htm <-- lawatch /home/lawatch/public_html/eng/daily/html_1999 june_t.htm
2000.03.27 11:54 B C:\tali\eng\daily\html_1999\march_g.htm <-- lawatch /home/lawatch/public_html/eng/daily/html_1999 march_g.htm
2000.03.27 11:54 B C:\tali\eng\daily\html_1999\march_t.htm <-- lawatch /home/lawatch/public_html/eng/daily/html_1999 march_t.htm
2000.03.27 11:54 B C:\tali\eng\daily\html_1999\may_g.htm <-- lawatch /home/lawatch/public_html/eng/daily/html_1999 may_g.htm
2000.03.27 11:54 B C:\tali\eng\daily\html_1999\may_t.htm <-- lawatch /home/lawatch/public_html/eng/daily/html_1999 may_t.htm
2000.03.27 11:54 B C:\tali\eng\daily\html_1999\september_g.htm <-- lawatch /home/lawatch/public_html/eng/daily/html_1999 september_g.htm
2000.03.27 11:54 B C:\tali\eng\daily\html_1999\september_t.htm <-- lawatch /home/lawatch/public_html/eng/daily/html_1999 september_t.htm
2000.03.27 13:50 B C:\tali\eng\daily\html_1999\april_g.htm --> lawatch.haifa.ac.il /home/lawatch/public_html/eng/daily/html_1999 april_g.htm
2000.03.27 13:50 B C:\tali\eng\daily\html_1999\april_t.htm --> lawatch.haifa.ac.il /home/lawatch/public_html/eng/daily/html_1999 april_t.htm
2000.03.27 13:50 B C:\tali\eng\daily\html_1999\august_g.htm --> lawatch.haifa.ac.il /home/lawatch/public_html/eng/daily/html_1999 august_g.htm
2000.03.27 13:50 B C:\tali\eng\daily\html_1999\august_t.htm --> lawatch.haifa.ac.il /home/lawatch/public_html/eng/daily/html_1999 august_t.htm
2000.03.27 13:50 B C:\tali\eng\daily\html_1999\enov_day_g.htm --> lawatch.haifa.ac.il /home/lawatch/public_html/eng/daily/html_1999 enov_day_g.htm
2000.03.27 13:50 B C:\tali\eng\daily\html_1999\enov_day_t.htm --> lawatch.haifa.ac.il /home/lawatch/public_html/eng/daily/html_1999 enov_day_t.htm
2000.03.27 13:50 B C:\tali\eng\daily\html_1999\enov_day_t.html --> lawatch.haifa.ac.il /home/lawatch/public_html/eng/daily/html_1999 enov_day_t.html
2000.03.27 13:50 B C:\tali\eng\daily\html_1999\eoct_day_g.htm --> lawatch.haifa.ac.il /home/lawatch/public_html/eng/daily/html_1999 eoct_day_g.htm
2000.03.27 13:50 B C:\tali\eng\daily\html_1999\eoct_day_t.htm --> lawatch.haifa.ac.il /home/lawatch/public_html/eng/daily/html_1999 eoct_day_t.htm
2000.03.27 13:50 B C:\tali\eng\daily\html_1999\february_g.htm --> lawatch.haifa.ac.il /home/lawatch/public_html/eng/daily/html_1999 february_g.htm
2000.03.27 13:50 B C:\tali\eng\daily\html_1999\february_t.htm --> lawatch.haifa.ac.il /home/lawatch/public_html/eng/daily/html_1999 february_t.htm
2000.03.27 13:50 B C:\tali\eng\daily\html_1999\january_g.htm --> lawatch.haifa.ac.il /home/lawatch/public_html/eng/daily/html_1999 january_g.htm
2000.03.27 13:50 B C:\tali\eng\daily\html_1999\january_t.htm --> lawatch.haifa.ac.il /home/lawatch/public_html/eng/daily/html_1999 january_t.htm
2000.03.27 13:50 B C:\tali\eng\daily\html_1999\july_g.htm --> lawatch.haifa.ac.il /home/lawatch/public_html/eng/daily/html_1999 july_g.htm
2000.03.27 13:50 B C:\tali\eng\daily\html_1999\july_t.htm --> lawatch.haifa.ac.il /home/lawatch/public_html/eng/daily/html_1999 july_t.htm
2000.03.27 13:50 B C:\tali\eng\daily\html_1999\june_g.htm --> lawatch.haifa.ac.il /home/lawatch/public_html/eng/daily/html_1999 june_g.htm
2000.03.27 13:50 B C:\tali\eng\daily\html_1999\june_t.htm --> lawatch.haifa.ac.il /home/lawatch/public_html/eng/daily/html_1999 june_t.htm
2000.03.27 13:50 B C:\tali\eng\daily\html_1999\march_g.htm --> lawatch.haifa.ac.il /home/lawatch/public_html/eng/daily/html_1999 march_g.htm
2000.03.27 13:50 B C:\tali\eng\daily\html_1999\march_t.htm --> lawatch.haifa.ac.il /home/lawatch/public_html/eng/daily/html_1999 march_t.htm
2000.03.27 13:50 B C:\tali\eng\daily\html_1999\may_g.htm --> lawatch.haifa.ac.il /home/lawatch/public_html/eng/daily/html_1999 may_g.htm
2000.03.27 13:50 B C:\tali\eng\daily\html_1999\may_t.htm --> lawatch.haifa.ac.il /home/lawatch/public_html/eng/daily/html_1999 may_t.htm
2000.03.27 13:50 B C:\tali\eng\daily\html_1999\september_g.htm --> lawatch.haifa.ac.il /home/lawatch/public_html/eng/daily/html_1999 september_g.htm
2000.03.27 13:50 B C:\tali\eng\daily\html_1999\september_t.htm --> lawatch.haifa.ac.il /home/lawatch/public_html/eng/daily/html_1999 september_t.htm
2000.06.12 11:12 B e:\lawatch\eng\daily\html_1999\WS_FTP.LOG <-- lawatch /home/lawatch/public_html/eng/daily/html_1999 WS_FTP.LOG
