2000.03.27 11:54 B C:\tali\eng\long\graphs_1999\eapril_long.jpg <-- lawatch /home/lawatch/public_html/eng/long/graphs_1999 eapril_long.jpg
2000.03.27 11:54 B C:\tali\eng\long\graphs_1999\eaug_long.jpg <-- lawatch /home/lawatch/public_html/eng/long/graphs_1999 eaug_long.jpg
2000.03.27 11:54 B C:\tali\eng\long\graphs_1999\efeb_long.jpg <-- lawatch /home/lawatch/public_html/eng/long/graphs_1999 efeb_long.jpg
2000.03.27 11:54 B C:\tali\eng\long\graphs_1999\ejan_long.jpg <-- lawatch /home/lawatch/public_html/eng/long/graphs_1999 ejan_long.jpg
2000.03.27 11:54 B C:\tali\eng\long\graphs_1999\ejuly_long.jpg <-- lawatch /home/lawatch/public_html/eng/long/graphs_1999 ejuly_long.jpg
2000.03.27 11:54 B C:\tali\eng\long\graphs_1999\ejune_long.jpg <-- lawatch /home/lawatch/public_html/eng/long/graphs_1999 ejune_long.jpg
2000.03.27 11:54 B C:\tali\eng\long\graphs_1999\emarch_long.jpg <-- lawatch /home/lawatch/public_html/eng/long/graphs_1999 emarch_long.jpg
2000.03.27 11:54 B C:\tali\eng\long\graphs_1999\emay_long.jpg <-- lawatch /home/lawatch/public_html/eng/long/graphs_1999 emay_long.jpg
2000.03.27 11:54 B C:\tali\eng\long\graphs_1999\enov_long_g.jpg <-- lawatch /home/lawatch/public_html/eng/long/graphs_1999 enov_long_g.jpg
2000.03.27 11:54 B C:\tali\eng\long\graphs_1999\eoct_long.gif <-- lawatch /home/lawatch/public_html/eng/long/graphs_1999 eoct_long.gif
2000.03.27 11:54 B C:\tali\eng\long\graphs_1999\esep_long.jpg <-- lawatch /home/lawatch/public_html/eng/long/graphs_1999 esep_long.jpg
2000.03.27 11:54 B C:\tali\eng\long\graphs_1999\hoct_long.gif <-- lawatch /home/lawatch/public_html/eng/long/graphs_1999 hoct_long.gif
2000.03.27 13:51 B C:\tali\eng\long\graphs_1999\eapril_long.jpg --> lawatch.haifa.ac.il /home/lawatch/public_html/eng/long/graphs_1999 eapril_long.jpg
2000.03.27 13:51 B C:\tali\eng\long\graphs_1999\eaug_long.jpg --> lawatch.haifa.ac.il /home/lawatch/public_html/eng/long/graphs_1999 eaug_long.jpg
2000.03.27 13:51 B C:\tali\eng\long\graphs_1999\efeb_long.jpg --> lawatch.haifa.ac.il /home/lawatch/public_html/eng/long/graphs_1999 efeb_long.jpg
2000.03.27 13:51 B C:\tali\eng\long\graphs_1999\ejan_long.jpg --> lawatch.haifa.ac.il /home/lawatch/public_html/eng/long/graphs_1999 ejan_long.jpg
2000.03.27 13:51 B C:\tali\eng\long\graphs_1999\ejuly_long.jpg --> lawatch.haifa.ac.il /home/lawatch/public_html/eng/long/graphs_1999 ejuly_long.jpg
2000.03.27 13:51 B C:\tali\eng\long\graphs_1999\ejune_long.jpg --> lawatch.haifa.ac.il /home/lawatch/public_html/eng/long/graphs_1999 ejune_long.jpg
2000.03.27 13:51 B C:\tali\eng\long\graphs_1999\emarch_long.jpg --> lawatch.haifa.ac.il /home/lawatch/public_html/eng/long/graphs_1999 emarch_long.jpg
2000.03.27 13:51 B C:\tali\eng\long\graphs_1999\emay_long.jpg --> lawatch.haifa.ac.il /home/lawatch/public_html/eng/long/graphs_1999 emay_long.jpg
2000.03.27 13:51 B C:\tali\eng\long\graphs_1999\enov_long_g.jpg --> lawatch.haifa.ac.il /home/lawatch/public_html/eng/long/graphs_1999 enov_long_g.jpg
2000.03.27 13:51 B C:\tali\eng\long\graphs_1999\eoct_long.gif --> lawatch.haifa.ac.il /home/lawatch/public_html/eng/long/graphs_1999 eoct_long.gif
2000.03.27 13:51 B C:\tali\eng\long\graphs_1999\esep_long.jpg --> lawatch.haifa.ac.il /home/lawatch/public_html/eng/long/graphs_1999 esep_long.jpg
2000.03.27 13:51 B C:\tali\eng\long\graphs_1999\hoct_long.gif --> lawatch.haifa.ac.il /home/lawatch/public_html/eng/long/graphs_1999 hoct_long.gif
2000.06.12 11:12 B e:\lawatch\eng\long\graphs_1999\WS_FTP.LOG <-- lawatch /home/lawatch/public_html/eng/long/graphs_1999 WS_FTP.LOG
