2000.06.12 11:11 B e:\lawatch\Base_Pics\heb\daily.psp <-- lawatch /home/lawatch/public_html/Base_Pics/heb daily.psp
2000.06.12 11:11 B e:\lawatch\Base_Pics\heb\english.psp <-- lawatch /home/lawatch/public_html/Base_Pics/heb english.psp
2000.06.12 11:11 B e:\lawatch\Base_Pics\heb\h_english.psp <-- lawatch /home/lawatch/public_html/Base_Pics/heb h_english.psp
2000.06.12 11:11 B e:\lawatch\Base_Pics\heb\half.psp <-- lawatch /home/lawatch/public_html/Base_Pics/heb half.psp
2000.06.12 11:11 B e:\lawatch\Base_Pics\heb\judges.psp <-- lawatch /home/lawatch/public_html/Base_Pics/heb judges.psp
2000.06.12 11:11 B e:\lawatch\Base_Pics\heb\long.psp <-- lawatch /home/lawatch/public_html/Base_Pics/heb long.psp
2000.06.12 11:11 B e:\lawatch\Base_Pics\heb\main.psp <-- lawatch /home/lawatch/public_html/Base_Pics/heb main.psp
2000.06.12 11:11 B e:\lawatch\Base_Pics\heb\month.psp <-- lawatch /home/lawatch/public_html/Base_Pics/heb month.psp
2000.06.12 11:11 B e:\lawatch\Base_Pics\heb\monthly.psp <-- lawatch /home/lawatch/public_html/Base_Pics/heb monthly.psp
2000.06.12 11:11 B e:\lawatch\Base_Pics\heb\p_daily.psp <-- lawatch /home/lawatch/public_html/Base_Pics/heb p_daily.psp
2000.06.12 11:11 B e:\lawatch\Base_Pics\heb\p_half.psp <-- lawatch /home/lawatch/public_html/Base_Pics/heb p_half.psp
2000.06.12 11:11 B e:\lawatch\Base_Pics\heb\p_judges.psp <-- lawatch /home/lawatch/public_html/Base_Pics/heb p_judges.psp
2000.06.12 11:11 B e:\lawatch\Base_Pics\heb\p_long.psp <-- lawatch /home/lawatch/public_html/Base_Pics/heb p_long.psp
2000.06.12 11:11 B e:\lawatch\Base_Pics\heb\p_main.psp <-- lawatch /home/lawatch/public_html/Base_Pics/heb p_main.psp
2000.06.12 11:11 B e:\lawatch\Base_Pics\heb\p_month.psp <-- lawatch /home/lawatch/public_html/Base_Pics/heb p_month.psp
2000.06.12 11:11 B e:\lawatch\Base_Pics\heb\p_monthly.psp <-- lawatch /home/lawatch/public_html/Base_Pics/heb p_monthly.psp
2000.06.12 11:11 B e:\lawatch\Base_Pics\heb\p_quart.psp <-- lawatch /home/lawatch/public_html/Base_Pics/heb p_quart.psp
2000.06.12 11:11 B e:\lawatch\Base_Pics\heb\p_response.psp <-- lawatch /home/lawatch/public_html/Base_Pics/heb p_response.psp
2000.06.12 11:11 B e:\lawatch\Base_Pics\heb\p_supreme.psp <-- lawatch /home/lawatch/public_html/Base_Pics/heb p_supreme.psp
2000.06.12 11:11 B e:\lawatch\Base_Pics\heb\p_system.psp <-- lawatch /home/lawatch/public_html/Base_Pics/heb p_system.psp
2000.06.12 11:11 B e:\lawatch\Base_Pics\heb\quart.psp <-- lawatch /home/lawatch/public_html/Base_Pics/heb quart.psp
2000.06.12 11:11 B e:\lawatch\Base_Pics\heb\response.psp <-- lawatch /home/lawatch/public_html/Base_Pics/heb response.psp
2000.06.12 11:11 B e:\lawatch\Base_Pics\heb\supreme.psp <-- lawatch /home/lawatch/public_html/Base_Pics/heb supreme.psp
2000.06.12 11:11 B e:\lawatch\Base_Pics\heb\system.psp <-- lawatch /home/lawatch/public_html/Base_Pics/heb system.psp
