2000.06.12 11:15 B e:\lawatch\heb\daily\html\h_feb00_day_g.htm <-- lawatch /home/lawatch/public_html/heb/daily/html h_feb00_day_g.htm
2000.06.12 11:15 B e:\lawatch\heb\daily\html\h_feb00_day_t.htm <-- lawatch /home/lawatch/public_html/heb/daily/html h_feb00_day_t.htm
2000.06.12 11:15 B e:\lawatch\heb\daily\html\hapr_day_g.htm <-- lawatch /home/lawatch/public_html/heb/daily/html hapr_day_g.htm
2000.06.12 11:15 B e:\lawatch\heb\daily\html\hapr_day_t.htm <-- lawatch /home/lawatch/public_html/heb/daily/html hapr_day_t.htm
2000.06.12 11:15 B e:\lawatch\heb\daily\html\haug_day_g.htm <-- lawatch /home/lawatch/public_html/heb/daily/html haug_day_g.htm
2000.06.12 11:15 B e:\lawatch\heb\daily\html\haug_day_t.htm <-- lawatch /home/lawatch/public_html/heb/daily/html haug_day_t.htm
2000.06.12 11:15 B e:\lawatch\heb\daily\html\hdec_day_g.htm <-- lawatch /home/lawatch/public_html/heb/daily/html hdec_day_g.htm
2000.06.12 11:15 B e:\lawatch\heb\daily\html\hdec_day_t.htm <-- lawatch /home/lawatch/public_html/heb/daily/html hdec_day_t.htm
2000.06.12 11:15 B e:\lawatch\heb\daily\html\hfeb_day_g.htm <-- lawatch /home/lawatch/public_html/heb/daily/html hfeb_day_g.htm
2000.06.12 11:15 B e:\lawatch\heb\daily\html\hfeb_day_t.htm <-- lawatch /home/lawatch/public_html/heb/daily/html hfeb_day_t.htm
2000.06.12 11:15 B e:\lawatch\heb\daily\html\hjan_00_day_g.htm <-- lawatch /home/lawatch/public_html/heb/daily/html hjan_00_day_g.htm
2000.06.12 11:15 B e:\lawatch\heb\daily\html\hjan_00_day_t.htm <-- lawatch /home/lawatch/public_html/heb/daily/html hjan_00_day_t.htm
2000.06.12 11:15 B e:\lawatch\heb\daily\html\hjan_day_g.htm <-- lawatch /home/lawatch/public_html/heb/daily/html hjan_day_g.htm
2000.06.12 11:15 B e:\lawatch\heb\daily\html\hjan_day_t.htm <-- lawatch /home/lawatch/public_html/heb/daily/html hjan_day_t.htm
2000.06.12 11:15 B e:\lawatch\heb\daily\html\hjul_day_g.htm <-- lawatch /home/lawatch/public_html/heb/daily/html hjul_day_g.htm
2000.06.12 11:15 B e:\lawatch\heb\daily\html\hjul_day_t.htm <-- lawatch /home/lawatch/public_html/heb/daily/html hjul_day_t.htm
2000.06.12 11:15 B e:\lawatch\heb\daily\html\hjun_day_g.htm <-- lawatch /home/lawatch/public_html/heb/daily/html hjun_day_g.htm
2000.06.12 11:15 B e:\lawatch\heb\daily\html\hjun_day_t.htm <-- lawatch /home/lawatch/public_html/heb/daily/html hjun_day_t.htm
2000.06.12 11:15 B e:\lawatch\heb\daily\html\hmar_day_g.htm <-- lawatch /home/lawatch/public_html/heb/daily/html hmar_day_g.htm
2000.06.12 11:15 B e:\lawatch\heb\daily\html\hmar_day_t.htm <-- lawatch /home/lawatch/public_html/heb/daily/html hmar_day_t.htm
2000.06.12 11:15 B e:\lawatch\heb\daily\html\hmay_day_g.htm <-- lawatch /home/lawatch/public_html/heb/daily/html hmay_day_g.htm
2000.06.12 11:15 B e:\lawatch\heb\daily\html\hmay_day_t.htm <-- lawatch /home/lawatch/public_html/heb/daily/html hmay_day_t.htm
2000.06.12 11:15 B e:\lawatch\heb\daily\html\hnov_day_g.htm <-- lawatch /home/lawatch/public_html/heb/daily/html hnov_day_g.htm
2000.06.12 11:15 B e:\lawatch\heb\daily\html\hnov_day_t.htm <-- lawatch /home/lawatch/public_html/heb/daily/html hnov_day_t.htm
2000.06.12 11:15 B e:\lawatch\heb\daily\html\hoct_day_g.htm <-- lawatch /home/lawatch/public_html/heb/daily/html hoct_day_g.htm
2000.06.12 11:15 B e:\lawatch\heb\daily\html\hoct_day_t.htm <-- lawatch /home/lawatch/public_html/heb/daily/html hoct_day_t.htm
2000.06.12 11:15 B e:\lawatch\heb\daily\html\hsep_day_g.htm <-- lawatch /home/lawatch/public_html/heb/daily/html hsep_day_g.htm
2000.06.12 11:15 B e:\lawatch\heb\daily\html\hsep_day_t.htm <-- lawatch /home/lawatch/public_html/heb/daily/html hsep_day_t.htm
