2000.06.12 11:15 B e:\lawatch\frames_heb\options\daily.jpg <-- lawatch /home/lawatch/public_html/frames_heb/options daily.jpg
2000.06.12 11:15 B e:\lawatch\frames_heb\options\english.jpg <-- lawatch /home/lawatch/public_html/frames_heb/options english.jpg
2000.06.12 11:15 B e:\lawatch\frames_heb\options\german.jpg <-- lawatch /home/lawatch/public_html/frames_heb/options german.jpg
2000.06.12 11:15 B e:\lawatch\frames_heb\options\guest.jpg <-- lawatch /home/lawatch/public_html/frames_heb/options guest.jpg
2000.06.12 11:15 B e:\lawatch\frames_heb\options\h_english.jpg <-- lawatch /home/lawatch/public_html/frames_heb/options h_english.jpg
2000.06.12 11:15 B e:\lawatch\frames_heb\options\h_german.jpg <-- lawatch /home/lawatch/public_html/frames_heb/options h_german.jpg
2000.06.12 11:15 B e:\lawatch\frames_heb\options\h_guest.jpg <-- lawatch /home/lawatch/public_html/frames_heb/options h_guest.jpg
2000.06.12 11:15 B e:\lawatch\frames_heb\options\half.jpg <-- lawatch /home/lawatch/public_html/frames_heb/options half.jpg
2000.06.12 11:15 B e:\lawatch\frames_heb\options\judges.jpg <-- lawatch /home/lawatch/public_html/frames_heb/options judges.jpg
2000.06.12 11:15 B e:\lawatch\frames_heb\options\long.jpg <-- lawatch /home/lawatch/public_html/frames_heb/options long.jpg
2000.06.12 11:15 B e:\lawatch\frames_heb\options\main.jpg <-- lawatch /home/lawatch/public_html/frames_heb/options main.jpg
2000.06.12 11:15 B e:\lawatch\frames_heb\options\month.jpg <-- lawatch /home/lawatch/public_html/frames_heb/options month.jpg
2000.06.12 11:15 B e:\lawatch\frames_heb\options\monthly.jpg <-- lawatch /home/lawatch/public_html/frames_heb/options monthly.jpg
2000.06.12 11:15 B e:\lawatch\frames_heb\options\p_daily.jpg <-- lawatch /home/lawatch/public_html/frames_heb/options p_daily.jpg
2000.06.12 11:15 B e:\lawatch\frames_heb\options\p_half.jpg <-- lawatch /home/lawatch/public_html/frames_heb/options p_half.jpg
2000.06.12 11:15 B e:\lawatch\frames_heb\options\p_judges.jpg <-- lawatch /home/lawatch/public_html/frames_heb/options p_judges.jpg
2000.06.12 11:15 B e:\lawatch\frames_heb\options\p_long.jpg <-- lawatch /home/lawatch/public_html/frames_heb/options p_long.jpg
2000.06.12 11:15 B e:\lawatch\frames_heb\options\p_main.jpg <-- lawatch /home/lawatch/public_html/frames_heb/options p_main.jpg
2000.06.12 11:15 B e:\lawatch\frames_heb\options\p_month.jpg <-- lawatch /home/lawatch/public_html/frames_heb/options p_month.jpg
2000.06.12 11:15 B e:\lawatch\frames_heb\options\p_monthly.jpg <-- lawatch /home/lawatch/public_html/frames_heb/options p_monthly.jpg
2000.06.12 11:15 B e:\lawatch\frames_heb\options\p_quart.jpg <-- lawatch /home/lawatch/public_html/frames_heb/options p_quart.jpg
2000.06.12 11:15 B e:\lawatch\frames_heb\options\p_response.jpg <-- lawatch /home/lawatch/public_html/frames_heb/options p_response.jpg
2000.06.12 11:15 B e:\lawatch\frames_heb\options\p_supreme.jpg <-- lawatch /home/lawatch/public_html/frames_heb/options p_supreme.jpg
2000.06.12 11:15 B e:\lawatch\frames_heb\options\p_system.jpg <-- lawatch /home/lawatch/public_html/frames_heb/options p_system.jpg
2000.06.12 11:15 B e:\lawatch\frames_heb\options\quart.jpg <-- lawatch /home/lawatch/public_html/frames_heb/options quart.jpg
2000.06.12 11:15 B e:\lawatch\frames_heb\options\response.jpg <-- lawatch /home/lawatch/public_html/frames_heb/options response.jpg
2000.06.12 11:15 B e:\lawatch\frames_heb\options\supreme.jpg <-- lawatch /home/lawatch/public_html/frames_heb/options supreme.jpg
2000.06.12 11:15 B e:\lawatch\frames_heb\options\system.jpg <-- lawatch /home/lawatch/public_html/frames_heb/options system.jpg
