2000.03.27 11:54 B C:\tali\eng\quart\html_1999\apr_jun_99.htm <-- lawatch /home/lawatch/public_html/eng/quart/html_1999 apr_jun_99.htm
2000.03.27 11:54 B C:\tali\eng\quart\html_1999\apr_jun_99_j.htm <-- lawatch /home/lawatch/public_html/eng/quart/html_1999 apr_jun_99_j.htm
2000.03.27 11:54 B C:\tali\eng\quart\html_1999\apr_jun_99_j2.htm <-- lawatch /home/lawatch/public_html/eng/quart/html_1999 apr_jun_99_j2.htm
2000.03.27 11:54 B C:\tali\eng\quart\html_1999\apr_jun_99_s.htm <-- lawatch /home/lawatch/public_html/eng/quart/html_1999 apr_jun_99_s.htm
2000.03.27 11:54 B C:\tali\eng\quart\html_1999\apr_jun_decision_t.htm <-- lawatch /home/lawatch/public_html/eng/quart/html_1999 apr_jun_decision_t.htm
2000.03.27 11:54 B C:\tali\eng\quart\html_1999\apr_jun_judge_t.htm <-- lawatch /home/lawatch/public_html/eng/quart/html_1999 apr_jun_judge_t.htm
2000.03.27 11:54 B C:\tali\eng\quart\html_1999\apr_jun_long_g.htm <-- lawatch /home/lawatch/public_html/eng/quart/html_1999 apr_jun_long_g.htm
2000.03.27 11:54 B C:\tali\eng\quart\html_1999\apr_jun_long_t.htm <-- lawatch /home/lawatch/public_html/eng/quart/html_1999 apr_jun_long_t.htm
2000.03.27 11:54 B C:\tali\eng\quart\html_1999\jan_mar_decision_t.htm <-- lawatch /home/lawatch/public_html/eng/quart/html_1999 jan_mar_decision_t.htm
2000.03.27 11:54 B C:\tali\eng\quart\html_1999\jan_mar_j.htm <-- lawatch /home/lawatch/public_html/eng/quart/html_1999 jan_mar_j.htm
2000.03.27 11:54 B C:\tali\eng\quart\html_1999\jan_mar_j2.htm <-- lawatch /home/lawatch/public_html/eng/quart/html_1999 jan_mar_j2.htm
2000.03.27 11:54 B C:\tali\eng\quart\html_1999\jan_mar_judge_t.htm <-- lawatch /home/lawatch/public_html/eng/quart/html_1999 jan_mar_judge_t.htm
2000.03.27 11:54 B C:\tali\eng\quart\html_1999\jan_mar_long_g.htm <-- lawatch /home/lawatch/public_html/eng/quart/html_1999 jan_mar_long_g.htm
2000.03.27 11:54 B C:\tali\eng\quart\html_1999\jan_mar_long_t.htm <-- lawatch /home/lawatch/public_html/eng/quart/html_1999 jan_mar_long_t.htm
2000.03.27 11:54 B C:\tali\eng\quart\html_1999\jan_mar_s.htm <-- lawatch /home/lawatch/public_html/eng/quart/html_1999 jan_mar_s.htm
2000.03.27 11:54 B C:\tali\eng\quart\html_1999\jul_sep_99.htm <-- lawatch /home/lawatch/public_html/eng/quart/html_1999 jul_sep_99.htm
2000.03.27 11:54 B C:\tali\eng\quart\html_1999\jul_sep_99_j.htm <-- lawatch /home/lawatch/public_html/eng/quart/html_1999 jul_sep_99_j.htm
2000.03.27 11:54 B C:\tali\eng\quart\html_1999\jul_sep_99_j2.htm <-- lawatch /home/lawatch/public_html/eng/quart/html_1999 jul_sep_99_j2.htm
2000.03.27 11:54 B C:\tali\eng\quart\html_1999\jul_sep_99_s.htm <-- lawatch /home/lawatch/public_html/eng/quart/html_1999 jul_sep_99_s.htm
2000.03.27 11:54 B C:\tali\eng\quart\html_1999\jul_sep_decision_t.htm <-- lawatch /home/lawatch/public_html/eng/quart/html_1999 jul_sep_decision_t.htm
2000.03.27 11:54 B C:\tali\eng\quart\html_1999\jul_sep_judge_t.htm <-- lawatch /home/lawatch/public_html/eng/quart/html_1999 jul_sep_judge_t.htm
2000.03.27 11:54 B C:\tali\eng\quart\html_1999\jul_sep_long_g.htm <-- lawatch /home/lawatch/public_html/eng/quart/html_1999 jul_sep_long_g.htm
2000.03.27 11:54 B C:\tali\eng\quart\html_1999\jul_sep_long_t.htm <-- lawatch /home/lawatch/public_html/eng/quart/html_1999 jul_sep_long_t.htm
2000.03.27 13:51 B C:\tali\eng\quart\html_1999\apr_jun_99.htm --> lawatch.haifa.ac.il /home/lawatch/public_html/eng/quart/html_1999 apr_jun_99.htm
2000.03.27 13:51 B C:\tali\eng\quart\html_1999\apr_jun_99_j.htm --> lawatch.haifa.ac.il /home/lawatch/public_html/eng/quart/html_1999 apr_jun_99_j.htm
2000.03.27 13:51 B C:\tali\eng\quart\html_1999\apr_jun_99_j2.htm --> lawatch.haifa.ac.il /home/lawatch/public_html/eng/quart/html_1999 apr_jun_99_j2.htm
2000.03.27 13:51 B C:\tali\eng\quart\html_1999\apr_jun_99_s.htm --> lawatch.haifa.ac.il /home/lawatch/public_html/eng/quart/html_1999 apr_jun_99_s.htm
2000.03.27 13:51 B C:\tali\eng\quart\html_1999\apr_jun_decision_t.htm --> lawatch.haifa.ac.il /home/lawatch/public_html/eng/quart/html_1999 apr_jun_decision_t.htm
2000.03.27 13:51 B C:\tali\eng\quart\html_1999\apr_jun_judge_t.htm --> lawatch.haifa.ac.il /home/lawatch/public_html/eng/quart/html_1999 apr_jun_judge_t.htm
2000.03.27 13:51 B C:\tali\eng\quart\html_1999\apr_jun_long_g.htm --> lawatch.haifa.ac.il /home/lawatch/public_html/eng/quart/html_1999 apr_jun_long_g.htm
2000.03.27 13:51 B C:\tali\eng\quart\html_1999\apr_jun_long_t.htm --> lawatch.haifa.ac.il /home/lawatch/public_html/eng/quart/html_1999 apr_jun_long_t.htm
2000.03.27 13:51 B C:\tali\eng\quart\html_1999\jan_mar_decision_t.htm --> lawatch.haifa.ac.il /home/lawatch/public_html/eng/quart/html_1999 jan_mar_decision_t.htm
2000.03.27 13:51 B C:\tali\eng\quart\html_1999\jan_mar_j.htm --> lawatch.haifa.ac.il /home/lawatch/public_html/eng/quart/html_1999 jan_mar_j.htm
2000.03.27 13:51 B C:\tali\eng\quart\html_1999\jan_mar_j2.htm --> lawatch.haifa.ac.il /home/lawatch/public_html/eng/quart/html_1999 jan_mar_j2.htm
2000.03.27 13:51 B C:\tali\eng\quart\html_1999\jan_mar_judge_t.htm --> lawatch.haifa.ac.il /home/lawatch/public_html/eng/quart/html_1999 jan_mar_judge_t.htm
2000.03.27 13:51 B C:\tali\eng\quart\html_1999\jan_mar_long_g.htm --> lawatch.haifa.ac.il /home/lawatch/public_html/eng/quart/html_1999 jan_mar_long_g.htm
2000.03.27 13:51 B C:\tali\eng\quart\html_1999\jan_mar_long_t.htm --> lawatch.haifa.ac.il /home/lawatch/public_html/eng/quart/html_1999 jan_mar_long_t.htm
2000.03.27 13:51 B C:\tali\eng\quart\html_1999\jan_mar_s.htm --> lawatch.haifa.ac.il /home/lawatch/public_html/eng/quart/html_1999 jan_mar_s.htm
2000.03.27 13:51 B C:\tali\eng\quart\html_1999\jul_sep_99.htm --> lawatch.haifa.ac.il /home/lawatch/public_html/eng/quart/html_1999 jul_sep_99.htm
2000.03.27 13:51 B C:\tali\eng\quart\html_1999\jul_sep_99_j.htm --> lawatch.haifa.ac.il /home/lawatch/public_html/eng/quart/html_1999 jul_sep_99_j.htm
2000.03.27 13:51 B C:\tali\eng\quart\html_1999\jul_sep_99_j2.htm --> lawatch.haifa.ac.il /home/lawatch/public_html/eng/quart/html_1999 jul_sep_99_j2.htm
2000.03.27 13:51 B C:\tali\eng\quart\html_1999\jul_sep_99_s.htm --> lawatch.haifa.ac.il /home/lawatch/public_html/eng/quart/html_1999 jul_sep_99_s.htm
2000.03.27 13:51 B C:\tali\eng\quart\html_1999\jul_sep_decision_t.htm --> lawatch.haifa.ac.il /home/lawatch/public_html/eng/quart/html_1999 jul_sep_decision_t.htm
2000.03.27 13:51 B C:\tali\eng\quart\html_1999\jul_sep_judge_t.htm --> lawatch.haifa.ac.il /home/lawatch/public_html/eng/quart/html_1999 jul_sep_judge_t.htm
2000.03.27 13:51 B C:\tali\eng\quart\html_1999\jul_sep_long_g.htm --> lawatch.haifa.ac.il /home/lawatch/public_html/eng/quart/html_1999 jul_sep_long_g.htm
2000.03.27 13:51 B C:\tali\eng\quart\html_1999\jul_sep_long_t.htm --> lawatch.haifa.ac.il /home/lawatch/public_html/eng/quart/html_1999 jul_sep_long_t.htm
2000.06.12 11:14 B e:\lawatch\eng\quart\html_1999\WS_FTP.LOG <-- lawatch /home/lawatch/public_html/eng/quart/html_1999 WS_FTP.LOG
