2000.06.12 11:14 B e:\lawatch\eng1\monthly\graphs_1999\eapril__month_g1.jpg <-- lawatch /home/lawatch/public_html/eng1/monthly/graphs_1999 eapril__month_g1.jpg
2000.06.12 11:14 B e:\lawatch\eng1\monthly\graphs_1999\eapril__month_g2.jpg <-- lawatch /home/lawatch/public_html/eng1/monthly/graphs_1999 eapril__month_g2.jpg
2000.06.12 11:14 B e:\lawatch\eng1\monthly\graphs_1999\eaug_month_g1.jpg <-- lawatch /home/lawatch/public_html/eng1/monthly/graphs_1999 eaug_month_g1.jpg
2000.06.12 11:14 B e:\lawatch\eng1\monthly\graphs_1999\eaug_month_g2.jpg <-- lawatch /home/lawatch/public_html/eng1/monthly/graphs_1999 eaug_month_g2.jpg
2000.06.12 11:14 B e:\lawatch\eng1\monthly\graphs_1999\efeb__month_g1.jpg <-- lawatch /home/lawatch/public_html/eng1/monthly/graphs_1999 efeb__month_g1.jpg
2000.06.12 11:14 B e:\lawatch\eng1\monthly\graphs_1999\efeb__month_g2.jpg <-- lawatch /home/lawatch/public_html/eng1/monthly/graphs_1999 efeb__month_g2.jpg
2000.06.12 11:14 B e:\lawatch\eng1\monthly\graphs_1999\ejan_month_g1.jpg <-- lawatch /home/lawatch/public_html/eng1/monthly/graphs_1999 ejan_month_g1.jpg
2000.06.12 11:14 B e:\lawatch\eng1\monthly\graphs_1999\ejan_month_g2.jpg <-- lawatch /home/lawatch/public_html/eng1/monthly/graphs_1999 ejan_month_g2.jpg
2000.06.12 11:14 B e:\lawatch\eng1\monthly\graphs_1999\ejuly__month_g1.jpg <-- lawatch /home/lawatch/public_html/eng1/monthly/graphs_1999 ejuly__month_g1.jpg
2000.06.12 11:14 B e:\lawatch\eng1\monthly\graphs_1999\ejuly__month_g2.jpg <-- lawatch /home/lawatch/public_html/eng1/monthly/graphs_1999 ejuly__month_g2.jpg
2000.06.12 11:14 B e:\lawatch\eng1\monthly\graphs_1999\ejune__month_g1.jpg <-- lawatch /home/lawatch/public_html/eng1/monthly/graphs_1999 ejune__month_g1.jpg
2000.06.12 11:14 B e:\lawatch\eng1\monthly\graphs_1999\ejune__month_g2.jpg <-- lawatch /home/lawatch/public_html/eng1/monthly/graphs_1999 ejune__month_g2.jpg
2000.06.12 11:14 B e:\lawatch\eng1\monthly\graphs_1999\emarch__month_g1.jpg <-- lawatch /home/lawatch/public_html/eng1/monthly/graphs_1999 emarch__month_g1.jpg
2000.06.12 11:14 B e:\lawatch\eng1\monthly\graphs_1999\emarch__month_g2.jpg <-- lawatch /home/lawatch/public_html/eng1/monthly/graphs_1999 emarch__month_g2.jpg
2000.06.12 11:14 B e:\lawatch\eng1\monthly\graphs_1999\emay_month_g1.jpg <-- lawatch /home/lawatch/public_html/eng1/monthly/graphs_1999 emay_month_g1.jpg
2000.06.12 11:14 B e:\lawatch\eng1\monthly\graphs_1999\emay_month_g2.jpg <-- lawatch /home/lawatch/public_html/eng1/monthly/graphs_1999 emay_month_g2.jpg
2000.06.12 11:14 B e:\lawatch\eng1\monthly\graphs_1999\enov_month_g1.gif <-- lawatch /home/lawatch/public_html/eng1/monthly/graphs_1999 enov_month_g1.gif
2000.06.12 11:14 B e:\lawatch\eng1\monthly\graphs_1999\enov_month_g2.gif <-- lawatch /home/lawatch/public_html/eng1/monthly/graphs_1999 enov_month_g2.gif
2000.06.12 11:14 B e:\lawatch\eng1\monthly\graphs_1999\eoct_month_g1.gif <-- lawatch /home/lawatch/public_html/eng1/monthly/graphs_1999 eoct_month_g1.gif
2000.06.12 11:14 B e:\lawatch\eng1\monthly\graphs_1999\eoct_month_g2.gif <-- lawatch /home/lawatch/public_html/eng1/monthly/graphs_1999 eoct_month_g2.gif
2000.06.12 11:14 B e:\lawatch\eng1\monthly\graphs_1999\esep_month_g1.jpg <-- lawatch /home/lawatch/public_html/eng1/monthly/graphs_1999 esep_month_g1.jpg
2000.06.12 11:14 B e:\lawatch\eng1\monthly\graphs_1999\esep_month_g2.jpg <-- lawatch /home/lawatch/public_html/eng1/monthly/graphs_1999 esep_month_g2.jpg
