2000.06.12 11:16 B e:\lawatch\heb\quart\graphs\apr_jun_long_g.jpg <-- lawatch /home/lawatch/public_html/heb/quart/graphs apr_jun_long_g.jpg
2000.06.12 11:16 B e:\lawatch\heb\quart\graphs\first_quar_99_j.jpg <-- lawatch /home/lawatch/public_html/heb/quart/graphs first_quar_99_j.jpg
2000.06.12 11:16 B e:\lawatch\heb\quart\graphs\first_quar_99_j21.jpg <-- lawatch /home/lawatch/public_html/heb/quart/graphs first_quar_99_j21.jpg
2000.06.12 11:16 B e:\lawatch\heb\quart\graphs\first_quar_99_j22.jpg <-- lawatch /home/lawatch/public_html/heb/quart/graphs first_quar_99_j22.jpg
2000.06.12 11:16 B e:\lawatch\heb\quart\graphs\first_quar_99_j23.jpg <-- lawatch /home/lawatch/public_html/heb/quart/graphs first_quar_99_j23.jpg
2000.06.12 11:16 B e:\lawatch\heb\quart\graphs\first_quar_99_s.jpg <-- lawatch /home/lawatch/public_html/heb/quart/graphs first_quar_99_s.jpg
2000.06.12 11:16 B e:\lawatch\heb\quart\graphs\first_quarter99.jpg <-- lawatch /home/lawatch/public_html/heb/quart/graphs first_quarter99.jpg
2000.06.12 11:16 B e:\lawatch\heb\quart\graphs\h_4_quar1.jpg <-- lawatch /home/lawatch/public_html/heb/quart/graphs h_4_quar1.jpg
2000.06.12 11:16 B e:\lawatch\heb\quart\graphs\h_4_quar2.jpg <-- lawatch /home/lawatch/public_html/heb/quart/graphs h_4_quar2.jpg
2000.06.12 11:16 B e:\lawatch\heb\quart\graphs\h_4_quar3.jpg <-- lawatch /home/lawatch/public_html/heb/quart/graphs h_4_quar3.jpg
2000.06.12 11:16 B e:\lawatch\heb\quart\graphs\h_4q_length_g.jpg <-- lawatch /home/lawatch/public_html/heb/quart/graphs h_4q_length_g.jpg
2000.06.12 11:16 B e:\lawatch\heb\quart\graphs\h_4q_long_g.jpg <-- lawatch /home/lawatch/public_html/heb/quart/graphs h_4q_long_g.jpg
2000.06.12 11:16 B e:\lawatch\heb\quart\graphs\h_4q_subject_g.jpg <-- lawatch /home/lawatch/public_html/heb/quart/graphs h_4q_subject_g.jpg
2000.06.12 11:16 B e:\lawatch\heb\quart\graphs\h_4qr_g1.jpg <-- lawatch /home/lawatch/public_html/heb/quart/graphs h_4qr_g1.jpg
2000.06.12 11:16 B e:\lawatch\heb\quart\graphs\jan_mar_long_g.jpg <-- lawatch /home/lawatch/public_html/heb/quart/graphs jan_mar_long_g.jpg
2000.06.12 11:16 B e:\lawatch\heb\quart\graphs\jul_sep_long_g.jpg <-- lawatch /home/lawatch/public_html/heb/quart/graphs jul_sep_long_g.jpg
2000.06.12 11:16 B e:\lawatch\heb\quart\graphs\second_quar_99_j.jpg <-- lawatch /home/lawatch/public_html/heb/quart/graphs second_quar_99_j.jpg
2000.06.12 11:16 B e:\lawatch\heb\quart\graphs\second_quar_99_j21.jpg <-- lawatch /home/lawatch/public_html/heb/quart/graphs second_quar_99_j21.jpg
2000.06.12 11:16 B e:\lawatch\heb\quart\graphs\second_quar_99_j22.jpg <-- lawatch /home/lawatch/public_html/heb/quart/graphs second_quar_99_j22.jpg
2000.06.12 11:16 B e:\lawatch\heb\quart\graphs\second_quar_99_j23.jpg <-- lawatch /home/lawatch/public_html/heb/quart/graphs second_quar_99_j23.jpg
2000.06.12 11:16 B e:\lawatch\heb\quart\graphs\second_quar_99_s.jpg <-- lawatch /home/lawatch/public_html/heb/quart/graphs second_quar_99_s.jpg
2000.06.12 11:16 B e:\lawatch\heb\quart\graphs\second_quarter99.jpg <-- lawatch /home/lawatch/public_html/heb/quart/graphs second_quarter99.jpg
2000.06.12 11:16 B e:\lawatch\heb\quart\graphs\third_quar_99_j.jpg <-- lawatch /home/lawatch/public_html/heb/quart/graphs third_quar_99_j.jpg
2000.06.12 11:16 B e:\lawatch\heb\quart\graphs\third_quar_99_j21.jpg <-- lawatch /home/lawatch/public_html/heb/quart/graphs third_quar_99_j21.jpg
2000.06.12 11:16 B e:\lawatch\heb\quart\graphs\third_quar_99_j22.jpg <-- lawatch /home/lawatch/public_html/heb/quart/graphs third_quar_99_j22.jpg
2000.06.12 11:16 B e:\lawatch\heb\quart\graphs\third_quar_99_j23.jpg <-- lawatch /home/lawatch/public_html/heb/quart/graphs third_quar_99_j23.jpg
2000.06.12 11:16 B e:\lawatch\heb\quart\graphs\third_quar_99_s.jpg <-- lawatch /home/lawatch/public_html/heb/quart/graphs third_quar_99_s.jpg
2000.06.12 11:16 B e:\lawatch\heb\quart\graphs\third_quarter99.jpg <-- lawatch /home/lawatch/public_html/heb/quart/graphs third_quarter99.jpg
