2000.03.27 11:54 B C:\tali\eng\half\html_1999\first_half99_long_g.htm <-- lawatch /home/lawatch/public_html/eng/half/html_1999 first_half99_long_g.htm
2000.03.27 11:54 B C:\tali\eng\half\html_1999\first_half_99.htm <-- lawatch /home/lawatch/public_html/eng/half/html_1999 first_half_99.htm
2000.03.27 11:54 B C:\tali\eng\half\html_1999\first_half_99_j.htm <-- lawatch /home/lawatch/public_html/eng/half/html_1999 first_half_99_j.htm
2000.03.27 11:54 B C:\tali\eng\half\html_1999\first_half_99_j2.htm <-- lawatch /home/lawatch/public_html/eng/half/html_1999 first_half_99_j2.htm
2000.03.27 11:54 B C:\tali\eng\half\html_1999\first_half_99_s.htm <-- lawatch /home/lawatch/public_html/eng/half/html_1999 first_half_99_s.htm
2000.03.27 11:54 B C:\tali\eng\half\html_1999\half_99.htm <-- lawatch /home/lawatch/public_html/eng/half/html_1999 half_99.htm
2000.03.27 11:54 B C:\tali\eng\half\html_1999\half_99_s.htm <-- lawatch /home/lawatch/public_html/eng/half/html_1999 half_99_s.htm
2000.03.27 11:54 B C:\tali\eng\half\html_1999\jan_jun_decision_t.htm <-- lawatch /home/lawatch/public_html/eng/half/html_1999 jan_jun_decision_t.htm
2000.03.27 11:54 B C:\tali\eng\half\html_1999\jan_jun_judge_t.htm <-- lawatch /home/lawatch/public_html/eng/half/html_1999 jan_jun_judge_t.htm
2000.03.27 11:54 B C:\tali\eng\half\html_1999\jan_jun_long_t.htm <-- lawatch /home/lawatch/public_html/eng/half/html_1999 jan_jun_long_t.htm
2000.03.27 13:50 B C:\tali\eng\half\html_1999\first_half99_long_g.htm --> lawatch.haifa.ac.il /home/lawatch/public_html/eng/half/html_1999 first_half99_long_g.htm
2000.03.27 13:50 B C:\tali\eng\half\html_1999\first_half_99.htm --> lawatch.haifa.ac.il /home/lawatch/public_html/eng/half/html_1999 first_half_99.htm
2000.03.27 13:50 B C:\tali\eng\half\html_1999\first_half_99_j.htm --> lawatch.haifa.ac.il /home/lawatch/public_html/eng/half/html_1999 first_half_99_j.htm
2000.03.27 13:50 B C:\tali\eng\half\html_1999\first_half_99_j2.htm --> lawatch.haifa.ac.il /home/lawatch/public_html/eng/half/html_1999 first_half_99_j2.htm
2000.03.27 13:50 B C:\tali\eng\half\html_1999\first_half_99_s.htm --> lawatch.haifa.ac.il /home/lawatch/public_html/eng/half/html_1999 first_half_99_s.htm
2000.03.27 13:50 B C:\tali\eng\half\html_1999\half_99.htm --> lawatch.haifa.ac.il /home/lawatch/public_html/eng/half/html_1999 half_99.htm
2000.03.27 13:50 B C:\tali\eng\half\html_1999\half_99_s.htm --> lawatch.haifa.ac.il /home/lawatch/public_html/eng/half/html_1999 half_99_s.htm
2000.03.27 13:50 B C:\tali\eng\half\html_1999\jan_jun_decision_t.htm --> lawatch.haifa.ac.il /home/lawatch/public_html/eng/half/html_1999 jan_jun_decision_t.htm
2000.03.27 13:50 B C:\tali\eng\half\html_1999\jan_jun_judge_t.htm --> lawatch.haifa.ac.il /home/lawatch/public_html/eng/half/html_1999 jan_jun_judge_t.htm
2000.03.27 13:50 B C:\tali\eng\half\html_1999\jan_jun_long_t.htm --> lawatch.haifa.ac.il /home/lawatch/public_html/eng/half/html_1999 jan_jun_long_t.htm
2000.06.12 11:12 B e:\lawatch\eng\half\html_1999\WS_FTP.LOG <-- lawatch /home/lawatch/public_html/eng/half/html_1999 WS_FTP.LOG
