2000.03.27 11:54 B C:\tali\eng\monthly\html_1999\april_g1.htm <-- lawatch /home/lawatch/public_html/eng/monthly/html_1999 april_g1.htm
2000.03.27 11:54 B C:\tali\eng\monthly\html_1999\april_g2.htm <-- lawatch /home/lawatch/public_html/eng/monthly/html_1999 april_g2.htm
2000.03.27 11:54 B C:\tali\eng\monthly\html_1999\april_t.htm <-- lawatch /home/lawatch/public_html/eng/monthly/html_1999 april_t.htm
2000.03.27 11:54 B C:\tali\eng\monthly\html_1999\august_g1.htm <-- lawatch /home/lawatch/public_html/eng/monthly/html_1999 august_g1.htm
2000.03.27 11:54 B C:\tali\eng\monthly\html_1999\august_g2.htm <-- lawatch /home/lawatch/public_html/eng/monthly/html_1999 august_g2.htm
2000.03.27 11:54 B C:\tali\eng\monthly\html_1999\august_t.htm <-- lawatch /home/lawatch/public_html/eng/monthly/html_1999 august_t.htm
2000.03.27 11:54 B C:\tali\eng\monthly\html_1999\enov_month_g1.htm <-- lawatch /home/lawatch/public_html/eng/monthly/html_1999 enov_month_g1.htm
2000.03.27 11:54 B C:\tali\eng\monthly\html_1999\enov_month_g2.htm <-- lawatch /home/lawatch/public_html/eng/monthly/html_1999 enov_month_g2.htm
2000.03.27 11:54 B C:\tali\eng\monthly\html_1999\enov_month_t.htm <-- lawatch /home/lawatch/public_html/eng/monthly/html_1999 enov_month_t.htm
2000.03.27 11:54 B C:\tali\eng\monthly\html_1999\eoct_month_g1.htm <-- lawatch /home/lawatch/public_html/eng/monthly/html_1999 eoct_month_g1.htm
2000.03.27 11:54 B C:\tali\eng\monthly\html_1999\eoct_month_g2.htm <-- lawatch /home/lawatch/public_html/eng/monthly/html_1999 eoct_month_g2.htm
2000.03.27 11:54 B C:\tali\eng\monthly\html_1999\eoct_month_t.htm <-- lawatch /home/lawatch/public_html/eng/monthly/html_1999 eoct_month_t.htm
2000.03.27 11:54 B C:\tali\eng\monthly\html_1999\february_g1.htm <-- lawatch /home/lawatch/public_html/eng/monthly/html_1999 february_g1.htm
2000.03.27 11:54 B C:\tali\eng\monthly\html_1999\february_g2.htm <-- lawatch /home/lawatch/public_html/eng/monthly/html_1999 february_g2.htm
2000.03.27 11:54 B C:\tali\eng\monthly\html_1999\february_t.htm <-- lawatch /home/lawatch/public_html/eng/monthly/html_1999 february_t.htm
2000.03.27 11:54 B C:\tali\eng\monthly\html_1999\january_g1.htm <-- lawatch /home/lawatch/public_html/eng/monthly/html_1999 january_g1.htm
2000.03.27 11:54 B C:\tali\eng\monthly\html_1999\january_g2.htm <-- lawatch /home/lawatch/public_html/eng/monthly/html_1999 january_g2.htm
2000.03.27 11:54 B C:\tali\eng\monthly\html_1999\january_t.htm <-- lawatch /home/lawatch/public_html/eng/monthly/html_1999 january_t.htm
2000.03.27 11:54 B C:\tali\eng\monthly\html_1999\july_g1.htm <-- lawatch /home/lawatch/public_html/eng/monthly/html_1999 july_g1.htm
2000.03.27 11:54 B C:\tali\eng\monthly\html_1999\july_g2.htm <-- lawatch /home/lawatch/public_html/eng/monthly/html_1999 july_g2.htm
2000.03.27 11:54 B C:\tali\eng\monthly\html_1999\july_t.htm <-- lawatch /home/lawatch/public_html/eng/monthly/html_1999 july_t.htm
2000.03.27 11:54 B C:\tali\eng\monthly\html_1999\june_g1.htm <-- lawatch /home/lawatch/public_html/eng/monthly/html_1999 june_g1.htm
2000.03.27 11:54 B C:\tali\eng\monthly\html_1999\june_g2.htm <-- lawatch /home/lawatch/public_html/eng/monthly/html_1999 june_g2.htm
2000.03.27 11:54 B C:\tali\eng\monthly\html_1999\june_t.htm <-- lawatch /home/lawatch/public_html/eng/monthly/html_1999 june_t.htm
2000.03.27 11:54 B C:\tali\eng\monthly\html_1999\march_g1.htm <-- lawatch /home/lawatch/public_html/eng/monthly/html_1999 march_g1.htm
2000.03.27 11:54 B C:\tali\eng\monthly\html_1999\march_g2.htm <-- lawatch /home/lawatch/public_html/eng/monthly/html_1999 march_g2.htm
2000.03.27 11:54 B C:\tali\eng\monthly\html_1999\march_t.htm <-- lawatch /home/lawatch/public_html/eng/monthly/html_1999 march_t.htm
2000.03.27 11:54 B C:\tali\eng\monthly\html_1999\may_g1.htm <-- lawatch /home/lawatch/public_html/eng/monthly/html_1999 may_g1.htm
2000.03.27 11:54 B C:\tali\eng\monthly\html_1999\may_g2.htm <-- lawatch /home/lawatch/public_html/eng/monthly/html_1999 may_g2.htm
2000.03.27 11:54 B C:\tali\eng\monthly\html_1999\may_t.htm <-- lawatch /home/lawatch/public_html/eng/monthly/html_1999 may_t.htm
2000.03.27 11:54 B C:\tali\eng\monthly\html_1999\september_g1.htm <-- lawatch /home/lawatch/public_html/eng/monthly/html_1999 september_g1.htm
2000.03.27 11:54 B C:\tali\eng\monthly\html_1999\september_g2.htm <-- lawatch /home/lawatch/public_html/eng/monthly/html_1999 september_g2.htm
2000.03.27 11:54 B C:\tali\eng\monthly\html_1999\september_t.htm <-- lawatch /home/lawatch/public_html/eng/monthly/html_1999 september_t.htm
2000.03.27 13:51 B C:\tali\eng\monthly\html_1999\april_g1.htm --> lawatch.haifa.ac.il /home/lawatch/public_html/eng/monthly/html_1999 april_g1.htm
2000.03.27 13:51 B C:\tali\eng\monthly\html_1999\april_g2.htm --> lawatch.haifa.ac.il /home/lawatch/public_html/eng/monthly/html_1999 april_g2.htm
2000.03.27 13:51 B C:\tali\eng\monthly\html_1999\april_t.htm --> lawatch.haifa.ac.il /home/lawatch/public_html/eng/monthly/html_1999 april_t.htm
2000.03.27 13:51 B C:\tali\eng\monthly\html_1999\august_g1.htm --> lawatch.haifa.ac.il /home/lawatch/public_html/eng/monthly/html_1999 august_g1.htm
2000.03.27 13:51 B C:\tali\eng\monthly\html_1999\august_g2.htm --> lawatch.haifa.ac.il /home/lawatch/public_html/eng/monthly/html_1999 august_g2.htm
2000.03.27 13:51 B C:\tali\eng\monthly\html_1999\august_t.htm --> lawatch.haifa.ac.il /home/lawatch/public_html/eng/monthly/html_1999 august_t.htm
2000.03.27 13:51 B C:\tali\eng\monthly\html_1999\enov_month_g1.htm --> lawatch.haifa.ac.il /home/lawatch/public_html/eng/monthly/html_1999 enov_month_g1.htm
2000.03.27 13:51 B C:\tali\eng\monthly\html_1999\enov_month_g2.htm --> lawatch.haifa.ac.il /home/lawatch/public_html/eng/monthly/html_1999 enov_month_g2.htm
2000.03.27 13:51 B C:\tali\eng\monthly\html_1999\enov_month_t.htm --> lawatch.haifa.ac.il /home/lawatch/public_html/eng/monthly/html_1999 enov_month_t.htm
2000.03.27 13:51 B C:\tali\eng\monthly\html_1999\eoct_month_g1.htm --> lawatch.haifa.ac.il /home/lawatch/public_html/eng/monthly/html_1999 eoct_month_g1.htm
2000.03.27 13:51 B C:\tali\eng\monthly\html_1999\eoct_month_g2.htm --> lawatch.haifa.ac.il /home/lawatch/public_html/eng/monthly/html_1999 eoct_month_g2.htm
2000.03.27 13:51 B C:\tali\eng\monthly\html_1999\eoct_month_t.htm --> lawatch.haifa.ac.il /home/lawatch/public_html/eng/monthly/html_1999 eoct_month_t.htm
2000.03.27 13:51 B C:\tali\eng\monthly\html_1999\february_g1.htm --> lawatch.haifa.ac.il /home/lawatch/public_html/eng/monthly/html_1999 february_g1.htm
2000.03.27 13:51 B C:\tali\eng\monthly\html_1999\february_g2.htm --> lawatch.haifa.ac.il /home/lawatch/public_html/eng/monthly/html_1999 february_g2.htm
2000.03.27 13:51 B C:\tali\eng\monthly\html_1999\february_t.htm --> lawatch.haifa.ac.il /home/lawatch/public_html/eng/monthly/html_1999 february_t.htm
2000.03.27 13:51 B C:\tali\eng\monthly\html_1999\january_g1.htm --> lawatch.haifa.ac.il /home/lawatch/public_html/eng/monthly/html_1999 january_g1.htm
2000.03.27 13:51 B C:\tali\eng\monthly\html_1999\january_g2.htm --> lawatch.haifa.ac.il /home/lawatch/public_html/eng/monthly/html_1999 january_g2.htm
2000.03.27 13:51 B C:\tali\eng\monthly\html_1999\january_t.htm --> lawatch.haifa.ac.il /home/lawatch/public_html/eng/monthly/html_1999 january_t.htm
2000.03.27 13:51 B C:\tali\eng\monthly\html_1999\july_g1.htm --> lawatch.haifa.ac.il /home/lawatch/public_html/eng/monthly/html_1999 july_g1.htm
2000.03.27 13:51 B C:\tali\eng\monthly\html_1999\july_g2.htm --> lawatch.haifa.ac.il /home/lawatch/public_html/eng/monthly/html_1999 july_g2.htm
2000.03.27 13:51 B C:\tali\eng\monthly\html_1999\july_t.htm --> lawatch.haifa.ac.il /home/lawatch/public_html/eng/monthly/html_1999 july_t.htm
2000.03.27 13:51 B C:\tali\eng\monthly\html_1999\june_g1.htm --> lawatch.haifa.ac.il /home/lawatch/public_html/eng/monthly/html_1999 june_g1.htm
2000.03.27 13:51 B C:\tali\eng\monthly\html_1999\june_g2.htm --> lawatch.haifa.ac.il /home/lawatch/public_html/eng/monthly/html_1999 june_g2.htm
2000.03.27 13:51 B C:\tali\eng\monthly\html_1999\june_t.htm --> lawatch.haifa.ac.il /home/lawatch/public_html/eng/monthly/html_1999 june_t.htm
2000.03.27 13:51 B C:\tali\eng\monthly\html_1999\march_g1.htm --> lawatch.haifa.ac.il /home/lawatch/public_html/eng/monthly/html_1999 march_g1.htm
2000.03.27 13:51 B C:\tali\eng\monthly\html_1999\march_g2.htm --> lawatch.haifa.ac.il /home/lawatch/public_html/eng/monthly/html_1999 march_g2.htm
2000.03.27 13:51 B C:\tali\eng\monthly\html_1999\march_t.htm --> lawatch.haifa.ac.il /home/lawatch/public_html/eng/monthly/html_1999 march_t.htm
2000.03.27 13:51 B C:\tali\eng\monthly\html_1999\may_g1.htm --> lawatch.haifa.ac.il /home/lawatch/public_html/eng/monthly/html_1999 may_g1.htm
2000.03.27 13:51 B C:\tali\eng\monthly\html_1999\may_g2.htm --> lawatch.haifa.ac.il /home/lawatch/public_html/eng/monthly/html_1999 may_g2.htm
2000.03.27 13:51 B C:\tali\eng\monthly\html_1999\may_t.htm --> lawatch.haifa.ac.il /home/lawatch/public_html/eng/monthly/html_1999 may_t.htm
2000.03.27 13:51 B C:\tali\eng\monthly\html_1999\september_g1.htm --> lawatch.haifa.ac.il /home/lawatch/public_html/eng/monthly/html_1999 september_g1.htm
2000.03.27 13:51 B C:\tali\eng\monthly\html_1999\september_g2.htm --> lawatch.haifa.ac.il /home/lawatch/public_html/eng/monthly/html_1999 september_g2.htm
2000.03.27 13:51 B C:\tali\eng\monthly\html_1999\september_t.htm --> lawatch.haifa.ac.il /home/lawatch/public_html/eng/monthly/html_1999 september_t.htm
2000.06.12 11:13 B e:\lawatch\eng\monthly\html_1999\WS_FTP.LOG <-- lawatch /home/lawatch/public_html/eng/monthly/html_1999 WS_FTP.LOG
