2000.06.12 11:11 B e:\lawatch\Base_Pics\about.psp <-- lawatch /home/lawatch/public_html/Base_Pics about.psp
2000.06.12 11:11 B e:\lawatch\Base_Pics\blue_side.psp <-- lawatch /home/lawatch/public_html/Base_Pics blue_side.psp
2000.06.12 11:11 B e:\lawatch\Base_Pics\blue_side_heb.psp <-- lawatch /home/lawatch/public_html/Base_Pics blue_side_heb.psp
2000.06.12 11:11 B e:\lawatch\Base_Pics\credits.psp <-- lawatch /home/lawatch/public_html/Base_Pics credits.psp
2000.06.12 11:11 B e:\lawatch\Base_Pics\daily.psp <-- lawatch /home/lawatch/public_html/Base_Pics daily.psp
2000.06.12 11:11 B e:\lawatch\Base_Pics\email.psp <-- lawatch /home/lawatch/public_html/Base_Pics email.psp
2000.06.12 11:11 B e:\lawatch\Base_Pics\german.psp <-- lawatch /home/lawatch/public_html/Base_Pics german.psp
2000.06.12 11:11 B e:\lawatch\Base_Pics\green.psp <-- lawatch /home/lawatch/public_html/Base_Pics green.psp
2000.06.12 11:11 B e:\lawatch\Base_Pics\green_heb.psp <-- lawatch /home/lawatch/public_html/Base_Pics green_heb.psp
2000.06.12 11:11 B e:\lawatch\Base_Pics\guest.psp <-- lawatch /home/lawatch/public_html/Base_Pics guest.psp
2000.06.12 11:11 B e:\lawatch\Base_Pics\h_german.psp <-- lawatch /home/lawatch/public_html/Base_Pics h_german.psp
2000.06.12 11:11 B e:\lawatch\Base_Pics\h_guest.psp <-- lawatch /home/lawatch/public_html/Base_Pics h_guest.psp
2000.06.12 11:11 B e:\lawatch\Base_Pics\h_hebrew.psp <-- lawatch /home/lawatch/public_html/Base_Pics h_hebrew.psp
2000.06.12 11:11 B e:\lawatch\Base_Pics\half.psp <-- lawatch /home/lawatch/public_html/Base_Pics half.psp
2000.06.12 11:11 B e:\lawatch\Base_Pics\hebrew.psp <-- lawatch /home/lawatch/public_html/Base_Pics hebrew.psp
2000.06.12 11:11 B e:\lawatch\Base_Pics\home.psp <-- lawatch /home/lawatch/public_html/Base_Pics home.psp
2000.06.12 11:11 B e:\lawatch\Base_Pics\judges.psp <-- lawatch /home/lawatch/public_html/Base_Pics judges.psp
2000.06.12 11:11 B e:\lawatch\Base_Pics\logo.psp <-- lawatch /home/lawatch/public_html/Base_Pics logo.psp
2000.06.12 11:11 B e:\lawatch\Base_Pics\long.psp <-- lawatch /home/lawatch/public_html/Base_Pics long.psp
2000.06.12 11:11 B e:\lawatch\Base_Pics\monthly.psp <-- lawatch /home/lawatch/public_html/Base_Pics monthly.psp
2000.06.12 11:11 B e:\lawatch\Base_Pics\orange.psp <-- lawatch /home/lawatch/public_html/Base_Pics orange.psp
2000.06.12 11:11 B e:\lawatch\Base_Pics\orange_bt.psp <-- lawatch /home/lawatch/public_html/Base_Pics orange_bt.psp
2000.06.12 11:11 B e:\lawatch\Base_Pics\orange_heb.psp <-- lawatch /home/lawatch/public_html/Base_Pics orange_heb.psp
2000.06.12 11:11 B e:\lawatch\Base_Pics\p_about.psp <-- lawatch /home/lawatch/public_html/Base_Pics p_about.psp
2000.06.12 11:11 B e:\lawatch\Base_Pics\p_credits.psp <-- lawatch /home/lawatch/public_html/Base_Pics p_credits.psp
2000.06.12 11:11 B e:\lawatch\Base_Pics\p_daily.psp <-- lawatch /home/lawatch/public_html/Base_Pics p_daily.psp
2000.06.12 11:11 B e:\lawatch\Base_Pics\p_email.psp <-- lawatch /home/lawatch/public_html/Base_Pics p_email.psp
2000.06.12 11:11 B e:\lawatch\Base_Pics\p_half.psp <-- lawatch /home/lawatch/public_html/Base_Pics p_half.psp
2000.06.12 11:11 B e:\lawatch\Base_Pics\p_home.psp <-- lawatch /home/lawatch/public_html/Base_Pics p_home.psp
2000.06.12 11:11 B e:\lawatch\Base_Pics\p_judges.psp <-- lawatch /home/lawatch/public_html/Base_Pics p_judges.psp
2000.06.12 11:11 B e:\lawatch\Base_Pics\p_long.psp <-- lawatch /home/lawatch/public_html/Base_Pics p_long.psp
2000.06.12 11:11 B e:\lawatch\Base_Pics\p_monthly.psp <-- lawatch /home/lawatch/public_html/Base_Pics p_monthly.psp
2000.06.12 11:11 B e:\lawatch\Base_Pics\p_quart.psp <-- lawatch /home/lawatch/public_html/Base_Pics p_quart.psp
2000.06.12 11:11 B e:\lawatch\Base_Pics\p_supreme.psp <-- lawatch /home/lawatch/public_html/Base_Pics p_supreme.psp
2000.06.12 11:11 B e:\lawatch\Base_Pics\quart.psp <-- lawatch /home/lawatch/public_html/Base_Pics quart.psp
2000.06.12 11:11 B e:\lawatch\Base_Pics\supreme.psp <-- lawatch /home/lawatch/public_html/Base_Pics supreme.psp
