2000.06.12 11:16 B e:\lawatch\heb\judges\html\hapr_judge_g.htm <-- lawatch /home/lawatch/public_html/heb/judges/html hapr_judge_g.htm
2000.06.12 11:16 B e:\lawatch\heb\judges\html\hapr_judge_t.htm <-- lawatch /home/lawatch/public_html/heb/judges/html hapr_judge_t.htm
2000.06.12 11:16 B e:\lawatch\heb\judges\html\haug_judge_g.htm <-- lawatch /home/lawatch/public_html/heb/judges/html haug_judge_g.htm
2000.06.12 11:16 B e:\lawatch\heb\judges\html\haug_judge_t.htm <-- lawatch /home/lawatch/public_html/heb/judges/html haug_judge_t.htm
2000.06.12 11:16 B e:\lawatch\heb\judges\html\hdec_judge_g.htm <-- lawatch /home/lawatch/public_html/heb/judges/html hdec_judge_g.htm
2000.06.12 11:16 B e:\lawatch\heb\judges\html\hdec_judge_t.htm <-- lawatch /home/lawatch/public_html/heb/judges/html hdec_judge_t.htm
2000.06.12 11:16 B e:\lawatch\heb\judges\html\hfeb_00_judge_g.htm <-- lawatch /home/lawatch/public_html/heb/judges/html hfeb_00_judge_g.htm
2000.06.12 11:16 B e:\lawatch\heb\judges\html\hfeb_00_judge_t.htm <-- lawatch /home/lawatch/public_html/heb/judges/html hfeb_00_judge_t.htm
2000.06.12 11:16 B e:\lawatch\heb\judges\html\hfeb_judge_g.htm <-- lawatch /home/lawatch/public_html/heb/judges/html hfeb_judge_g.htm
2000.06.12 11:16 B e:\lawatch\heb\judges\html\hfeb_judge_t.htm <-- lawatch /home/lawatch/public_html/heb/judges/html hfeb_judge_t.htm
2000.06.12 11:16 B e:\lawatch\heb\judges\html\hjan_2000_judge_g.htm <-- lawatch /home/lawatch/public_html/heb/judges/html hjan_2000_judge_g.htm
2000.06.12 11:16 B e:\lawatch\heb\judges\html\hjan_2000_judge_t.htm <-- lawatch /home/lawatch/public_html/heb/judges/html hjan_2000_judge_t.htm
2000.06.12 11:16 B e:\lawatch\heb\judges\html\hjan_judge_g.htm <-- lawatch /home/lawatch/public_html/heb/judges/html hjan_judge_g.htm
2000.06.12 11:16 B e:\lawatch\heb\judges\html\hjan_judge_t.htm <-- lawatch /home/lawatch/public_html/heb/judges/html hjan_judge_t.htm
2000.06.12 11:16 B e:\lawatch\heb\judges\html\hjul_judge_g.htm <-- lawatch /home/lawatch/public_html/heb/judges/html hjul_judge_g.htm
2000.06.12 11:16 B e:\lawatch\heb\judges\html\hjul_judge_t.htm <-- lawatch /home/lawatch/public_html/heb/judges/html hjul_judge_t.htm
2000.06.12 11:16 B e:\lawatch\heb\judges\html\hjun_judge_g.htm <-- lawatch /home/lawatch/public_html/heb/judges/html hjun_judge_g.htm
2000.06.12 11:16 B e:\lawatch\heb\judges\html\hjun_judge_t.htm <-- lawatch /home/lawatch/public_html/heb/judges/html hjun_judge_t.htm
2000.06.12 11:16 B e:\lawatch\heb\judges\html\hmar_judge_g.htm <-- lawatch /home/lawatch/public_html/heb/judges/html hmar_judge_g.htm
2000.06.12 11:16 B e:\lawatch\heb\judges\html\hmar_judge_t.htm <-- lawatch /home/lawatch/public_html/heb/judges/html hmar_judge_t.htm
2000.06.12 11:16 B e:\lawatch\heb\judges\html\hmay_judge_g.htm <-- lawatch /home/lawatch/public_html/heb/judges/html hmay_judge_g.htm
2000.06.12 11:16 B e:\lawatch\heb\judges\html\hmay_judge_t.htm <-- lawatch /home/lawatch/public_html/heb/judges/html hmay_judge_t.htm
2000.06.12 11:16 B e:\lawatch\heb\judges\html\hnov_judge_g.htm <-- lawatch /home/lawatch/public_html/heb/judges/html hnov_judge_g.htm
2000.06.12 11:16 B e:\lawatch\heb\judges\html\hnov_judge_t.htm <-- lawatch /home/lawatch/public_html/heb/judges/html hnov_judge_t.htm
2000.06.12 11:16 B e:\lawatch\heb\judges\html\hoct_judge_g.htm <-- lawatch /home/lawatch/public_html/heb/judges/html hoct_judge_g.htm
2000.06.12 11:16 B e:\lawatch\heb\judges\html\hoct_judge_t.htm <-- lawatch /home/lawatch/public_html/heb/judges/html hoct_judge_t.htm
2000.06.12 11:16 B e:\lawatch\heb\judges\html\hsep_judge_g.htm <-- lawatch /home/lawatch/public_html/heb/judges/html hsep_judge_g.htm
2000.06.12 11:16 B e:\lawatch\heb\judges\html\hsep_judge_t.htm <-- lawatch /home/lawatch/public_html/heb/judges/html hsep_judge_t.htm
