2000.06.12 11:16 B e:\lawatch\heb\quart\html\apr_jun_decision_t.htm <-- lawatch /home/lawatch/public_html/heb/quart/html apr_jun_decision_t.htm
2000.06.12 11:16 B e:\lawatch\heb\quart\html\apr_jun_Judge_t.htm <-- lawatch /home/lawatch/public_html/heb/quart/html apr_jun_Judge_t.htm
2000.06.12 11:16 B e:\lawatch\heb\quart\html\apr_jun_long_g.htm <-- lawatch /home/lawatch/public_html/heb/quart/html apr_jun_long_g.htm
2000.06.12 11:16 B e:\lawatch\heb\quart\html\apr_jun_long_t.htm <-- lawatch /home/lawatch/public_html/heb/quart/html apr_jun_long_t.htm
2000.06.12 11:16 B e:\lawatch\heb\quart\html\e_4q99_judge_g1.htm <-- lawatch /home/lawatch/public_html/heb/quart/html e_4q99_judge_g1.htm
2000.06.12 11:16 B e:\lawatch\heb\quart\html\e_4q99_judge_g2.htm <-- lawatch /home/lawatch/public_html/heb/quart/html e_4q99_judge_g2.htm
2000.06.12 11:16 B e:\lawatch\heb\quart\html\e_4q99_length_g.htm <-- lawatch /home/lawatch/public_html/heb/quart/html e_4q99_length_g.htm
2000.06.12 11:16 B e:\lawatch\heb\quart\html\e_4q99_long_g.htm <-- lawatch /home/lawatch/public_html/heb/quart/html e_4q99_long_g.htm
2000.06.12 11:16 B e:\lawatch\heb\quart\html\e_4q99_subject_g.htm <-- lawatch /home/lawatch/public_html/heb/quart/html e_4q99_subject_g.htm
2000.06.12 11:16 B e:\lawatch\heb\quart\html\first_quar99_main.htm <-- lawatch /home/lawatch/public_html/heb/quart/html first_quar99_main.htm
2000.06.12 11:16 B e:\lawatch\heb\quart\html\first_quar_99_s.htm <-- lawatch /home/lawatch/public_html/heb/quart/html first_quar_99_s.htm
2000.06.12 11:16 B e:\lawatch\heb\quart\html\first_quarter_99.htm <-- lawatch /home/lawatch/public_html/heb/quart/html first_quarter_99.htm
2000.06.12 11:16 B e:\lawatch\heb\quart\html\first_quarter_99_j.htm <-- lawatch /home/lawatch/public_html/heb/quart/html first_quarter_99_j.htm
2000.06.12 11:16 B e:\lawatch\heb\quart\html\first_quarter_99_j2.htm <-- lawatch /home/lawatch/public_html/heb/quart/html first_quarter_99_j2.htm
2000.06.12 11:16 B e:\lawatch\heb\quart\html\h_4q99_decision_t.htm <-- lawatch /home/lawatch/public_html/heb/quart/html h_4q99_decision_t.htm
2000.06.12 11:16 B e:\lawatch\heb\quart\html\h_4q99_judge_g1.htm <-- lawatch /home/lawatch/public_html/heb/quart/html h_4q99_judge_g1.htm
2000.06.12 11:16 B e:\lawatch\heb\quart\html\h_4q99_judge_g2.htm <-- lawatch /home/lawatch/public_html/heb/quart/html h_4q99_judge_g2.htm
2000.06.12 11:16 B e:\lawatch\heb\quart\html\h_4q99_judge_t.htm <-- lawatch /home/lawatch/public_html/heb/quart/html h_4q99_judge_t.htm
2000.06.12 11:16 B e:\lawatch\heb\quart\html\h_4q99_length_g.htm <-- lawatch /home/lawatch/public_html/heb/quart/html h_4q99_length_g.htm
2000.06.12 11:16 B e:\lawatch\heb\quart\html\h_4q99_long_g.htm <-- lawatch /home/lawatch/public_html/heb/quart/html h_4q99_long_g.htm
2000.06.12 11:16 B e:\lawatch\heb\quart\html\h_4q99_long_t.htm <-- lawatch /home/lawatch/public_html/heb/quart/html h_4q99_long_t.htm
2000.06.12 11:16 B e:\lawatch\heb\quart\html\h_4q99_subject_g.htm <-- lawatch /home/lawatch/public_html/heb/quart/html h_4q99_subject_g.htm
2000.06.12 11:16 B e:\lawatch\heb\quart\html\jan_mar_decision_t.htm <-- lawatch /home/lawatch/public_html/heb/quart/html jan_mar_decision_t.htm
2000.06.12 11:16 B e:\lawatch\heb\quart\html\jan_mar_Judge_t.htm <-- lawatch /home/lawatch/public_html/heb/quart/html jan_mar_Judge_t.htm
2000.06.12 11:16 B e:\lawatch\heb\quart\html\jan_mar_long_g.htm <-- lawatch /home/lawatch/public_html/heb/quart/html jan_mar_long_g.htm
2000.06.12 11:16 B e:\lawatch\heb\quart\html\jan_mar_long_t.htm <-- lawatch /home/lawatch/public_html/heb/quart/html jan_mar_long_t.htm
2000.06.12 11:16 B e:\lawatch\heb\quart\html\jul_sep_decision_t.htm <-- lawatch /home/lawatch/public_html/heb/quart/html jul_sep_decision_t.htm
2000.06.12 11:16 B e:\lawatch\heb\quart\html\jul_sep_judge_t.htm <-- lawatch /home/lawatch/public_html/heb/quart/html jul_sep_judge_t.htm
2000.06.12 11:16 B e:\lawatch\heb\quart\html\jul_sep_long_g.htm <-- lawatch /home/lawatch/public_html/heb/quart/html jul_sep_long_g.htm
2000.06.12 11:16 B e:\lawatch\heb\quart\html\jul_sep_long_t.htm <-- lawatch /home/lawatch/public_html/heb/quart/html jul_sep_long_t.htm
2000.06.12 11:16 B e:\lawatch\heb\quart\html\second_quar99_main.htm <-- lawatch /home/lawatch/public_html/heb/quart/html second_quar99_main.htm
2000.06.12 11:16 B e:\lawatch\heb\quart\html\second_quar_99_j.htm <-- lawatch /home/lawatch/public_html/heb/quart/html second_quar_99_j.htm
2000.06.12 11:16 B e:\lawatch\heb\quart\html\second_quar_99_s.htm <-- lawatch /home/lawatch/public_html/heb/quart/html second_quar_99_s.htm
2000.06.12 11:16 B e:\lawatch\heb\quart\html\second_quarter_99.htm <-- lawatch /home/lawatch/public_html/heb/quart/html second_quarter_99.htm
2000.06.12 11:16 B e:\lawatch\heb\quart\html\second_quarter_99_j2.htm <-- lawatch /home/lawatch/public_html/heb/quart/html second_quarter_99_j2.htm
2000.06.12 11:16 B e:\lawatch\heb\quart\html\second_quarter_main.htm <-- lawatch /home/lawatch/public_html/heb/quart/html second_quarter_main.htm
2000.06.12 11:16 B e:\lawatch\heb\quart\html\third_quar_99_s.htm <-- lawatch /home/lawatch/public_html/heb/quart/html third_quar_99_s.htm
2000.06.12 11:16 B e:\lawatch\heb\quart\html\third_quarter_99.htm <-- lawatch /home/lawatch/public_html/heb/quart/html third_quarter_99.htm
2000.06.12 11:17 B e:\lawatch\heb\quart\html\third_quarter_99_j.htm <-- lawatch /home/lawatch/public_html/heb/quart/html third_quarter_99_j.htm
2000.06.12 11:17 B e:\lawatch\heb\quart\html\third_quarter_99_j2.htm <-- lawatch /home/lawatch/public_html/heb/quart/html third_quarter_99_j2.htm
