2000.06.12 11:16 B e:\lawatch\heb\monthly\graphs\april_month_g1.jpg <-- lawatch /home/lawatch/public_html/heb/monthly/graphs april_month_g1.jpg
2000.06.12 11:16 B e:\lawatch\heb\monthly\graphs\april_month_g2.jpg <-- lawatch /home/lawatch/public_html/heb/monthly/graphs april_month_g2.jpg
2000.06.12 11:16 B e:\lawatch\heb\monthly\graphs\aug_month_g1.jpg <-- lawatch /home/lawatch/public_html/heb/monthly/graphs aug_month_g1.jpg
2000.06.12 11:16 B e:\lawatch\heb\monthly\graphs\aug_month_g2.jpg <-- lawatch /home/lawatch/public_html/heb/monthly/graphs aug_month_g2.jpg
2000.06.12 11:16 B e:\lawatch\heb\monthly\graphs\feb_month_g1.jpg <-- lawatch /home/lawatch/public_html/heb/monthly/graphs feb_month_g1.jpg
2000.06.12 11:16 B e:\lawatch\heb\monthly\graphs\feb_month_g2.jpg <-- lawatch /home/lawatch/public_html/heb/monthly/graphs feb_month_g2.jpg
2000.06.12 11:16 B e:\lawatch\heb\monthly\graphs\h_feb00_month.jpg <-- lawatch /home/lawatch/public_html/heb/monthly/graphs h_feb00_month.jpg
2000.06.12 11:16 B e:\lawatch\heb\monthly\graphs\h_feb00_month_g2.jpg <-- lawatch /home/lawatch/public_html/heb/monthly/graphs h_feb00_month_g2.jpg
2000.06.12 11:16 B e:\lawatch\heb\monthly\graphs\hdec_g1.jpg <-- lawatch /home/lawatch/public_html/heb/monthly/graphs hdec_g1.jpg
2000.06.12 11:16 B e:\lawatch\heb\monthly\graphs\hdec_g2.jpg <-- lawatch /home/lawatch/public_html/heb/monthly/graphs hdec_g2.jpg
2000.06.12 11:16 B e:\lawatch\heb\monthly\graphs\hjan_g1.jpg <-- lawatch /home/lawatch/public_html/heb/monthly/graphs hjan_g1.jpg
2000.06.12 11:16 B e:\lawatch\heb\monthly\graphs\hjan_g2.jpg <-- lawatch /home/lawatch/public_html/heb/monthly/graphs hjan_g2.jpg
2000.06.12 11:16 B e:\lawatch\heb\monthly\graphs\hnov_month_g1.gif <-- lawatch /home/lawatch/public_html/heb/monthly/graphs hnov_month_g1.gif
2000.06.12 11:16 B e:\lawatch\heb\monthly\graphs\hnov_month_g2.gif <-- lawatch /home/lawatch/public_html/heb/monthly/graphs hnov_month_g2.gif
2000.06.12 11:16 B e:\lawatch\heb\monthly\graphs\hoct_month_g1.gif <-- lawatch /home/lawatch/public_html/heb/monthly/graphs hoct_month_g1.gif
2000.06.12 11:16 B e:\lawatch\heb\monthly\graphs\hoct_month_g2.gif <-- lawatch /home/lawatch/public_html/heb/monthly/graphs hoct_month_g2.gif
2000.06.12 11:16 B e:\lawatch\heb\monthly\graphs\jan_month_g1.jpg <-- lawatch /home/lawatch/public_html/heb/monthly/graphs jan_month_g1.jpg
2000.06.12 11:16 B e:\lawatch\heb\monthly\graphs\jan_month_g2.jpg <-- lawatch /home/lawatch/public_html/heb/monthly/graphs jan_month_g2.jpg
2000.06.12 11:16 B e:\lawatch\heb\monthly\graphs\july_month_g1.jpg <-- lawatch /home/lawatch/public_html/heb/monthly/graphs july_month_g1.jpg
2000.06.12 11:16 B e:\lawatch\heb\monthly\graphs\july_month_g2.jpg <-- lawatch /home/lawatch/public_html/heb/monthly/graphs july_month_g2.jpg
2000.06.12 11:16 B e:\lawatch\heb\monthly\graphs\june_month_g1.jpg <-- lawatch /home/lawatch/public_html/heb/monthly/graphs june_month_g1.jpg
2000.06.12 11:16 B e:\lawatch\heb\monthly\graphs\june_month_g2.jpg <-- lawatch /home/lawatch/public_html/heb/monthly/graphs june_month_g2.jpg
2000.06.12 11:16 B e:\lawatch\heb\monthly\graphs\march_month_g1.jpg <-- lawatch /home/lawatch/public_html/heb/monthly/graphs march_month_g1.jpg
2000.06.12 11:16 B e:\lawatch\heb\monthly\graphs\march_month_g2.jpg <-- lawatch /home/lawatch/public_html/heb/monthly/graphs march_month_g2.jpg
2000.06.12 11:16 B e:\lawatch\heb\monthly\graphs\may_month_g1.jpg <-- lawatch /home/lawatch/public_html/heb/monthly/graphs may_month_g1.jpg
2000.06.12 11:16 B e:\lawatch\heb\monthly\graphs\may_month_g2.jpg <-- lawatch /home/lawatch/public_html/heb/monthly/graphs may_month_g2.jpg
2000.06.12 11:16 B e:\lawatch\heb\monthly\graphs\sep_month_g1.jpg <-- lawatch /home/lawatch/public_html/heb/monthly/graphs sep_month_g1.jpg
2000.06.12 11:16 B e:\lawatch\heb\monthly\graphs\sep_month_g2.jpg <-- lawatch /home/lawatch/public_html/heb/monthly/graphs sep_month_g2.jpg
