2000.03.27 11:54 B C:\tali\eng\daily\graphs_1999\eapril_day.jpg <-- lawatch /home/lawatch/public_html/eng/daily/graphs_1999 eapril_day.jpg
2000.03.27 11:54 B C:\tali\eng\daily\graphs_1999\eaug_day.jpg <-- lawatch /home/lawatch/public_html/eng/daily/graphs_1999 eaug_day.jpg
2000.03.27 11:54 B C:\tali\eng\daily\graphs_1999\efeb_day.jpg <-- lawatch /home/lawatch/public_html/eng/daily/graphs_1999 efeb_day.jpg
2000.03.27 11:54 B C:\tali\eng\daily\graphs_1999\ejan_day.jpg <-- lawatch /home/lawatch/public_html/eng/daily/graphs_1999 ejan_day.jpg
2000.03.27 11:54 B C:\tali\eng\daily\graphs_1999\ejuly_day.jpg <-- lawatch /home/lawatch/public_html/eng/daily/graphs_1999 ejuly_day.jpg
2000.03.27 11:54 B C:\tali\eng\daily\graphs_1999\ejune_day.jpg <-- lawatch /home/lawatch/public_html/eng/daily/graphs_1999 ejune_day.jpg
2000.03.27 11:54 B C:\tali\eng\daily\graphs_1999\emarch_day.jpg <-- lawatch /home/lawatch/public_html/eng/daily/graphs_1999 emarch_day.jpg
2000.03.27 11:54 B C:\tali\eng\daily\graphs_1999\emay_day.jpg <-- lawatch /home/lawatch/public_html/eng/daily/graphs_1999 emay_day.jpg
2000.03.27 11:54 B C:\tali\eng\daily\graphs_1999\enov_day_g.jpg <-- lawatch /home/lawatch/public_html/eng/daily/graphs_1999 enov_day_g.jpg
2000.03.27 11:54 B C:\tali\eng\daily\graphs_1999\eoct_day.gif <-- lawatch /home/lawatch/public_html/eng/daily/graphs_1999 eoct_day.gif
2000.03.27 11:54 B C:\tali\eng\daily\graphs_1999\esep_day.jpg <-- lawatch /home/lawatch/public_html/eng/daily/graphs_1999 esep_day.jpg
2000.03.27 11:54 B C:\tali\eng\daily\graphs_1999\hoct_day.gif <-- lawatch /home/lawatch/public_html/eng/daily/graphs_1999 hoct_day.gif
2000.03.27 13:50 B C:\tali\eng\daily\graphs_1999\eapril_day.jpg --> lawatch.haifa.ac.il /home/lawatch/public_html/eng/daily/graphs_1999 eapril_day.jpg
2000.03.27 13:50 B C:\tali\eng\daily\graphs_1999\eaug_day.jpg --> lawatch.haifa.ac.il /home/lawatch/public_html/eng/daily/graphs_1999 eaug_day.jpg
2000.03.27 13:50 B C:\tali\eng\daily\graphs_1999\efeb_day.jpg --> lawatch.haifa.ac.il /home/lawatch/public_html/eng/daily/graphs_1999 efeb_day.jpg
2000.03.27 13:50 B C:\tali\eng\daily\graphs_1999\ejan_day.jpg --> lawatch.haifa.ac.il /home/lawatch/public_html/eng/daily/graphs_1999 ejan_day.jpg
2000.03.27 13:50 B C:\tali\eng\daily\graphs_1999\ejuly_day.jpg --> lawatch.haifa.ac.il /home/lawatch/public_html/eng/daily/graphs_1999 ejuly_day.jpg
2000.03.27 13:50 B C:\tali\eng\daily\graphs_1999\ejune_day.jpg --> lawatch.haifa.ac.il /home/lawatch/public_html/eng/daily/graphs_1999 ejune_day.jpg
2000.03.27 13:50 B C:\tali\eng\daily\graphs_1999\emarch_day.jpg --> lawatch.haifa.ac.il /home/lawatch/public_html/eng/daily/graphs_1999 emarch_day.jpg
2000.03.27 13:50 B C:\tali\eng\daily\graphs_1999\emay_day.jpg --> lawatch.haifa.ac.il /home/lawatch/public_html/eng/daily/graphs_1999 emay_day.jpg
2000.03.27 13:50 B C:\tali\eng\daily\graphs_1999\enov_day_g.jpg --> lawatch.haifa.ac.il /home/lawatch/public_html/eng/daily/graphs_1999 enov_day_g.jpg
2000.03.27 13:50 B C:\tali\eng\daily\graphs_1999\eoct_day.gif --> lawatch.haifa.ac.il /home/lawatch/public_html/eng/daily/graphs_1999 eoct_day.gif
2000.03.27 13:50 B C:\tali\eng\daily\graphs_1999\esep_day.jpg --> lawatch.haifa.ac.il /home/lawatch/public_html/eng/daily/graphs_1999 esep_day.jpg
2000.03.27 13:50 B C:\tali\eng\daily\graphs_1999\hoct_day.gif --> lawatch.haifa.ac.il /home/lawatch/public_html/eng/daily/graphs_1999 hoct_day.gif
2000.06.12 11:12 B e:\lawatch\eng\daily\graphs_1999\WS_FTP.LOG <-- lawatch /home/lawatch/public_html/eng/daily/graphs_1999 WS_FTP.LOG
