2000.06.12 11:16 B e:\lawatch\heb\long\html\h_jan2000_long_g.htm <-- lawatch /home/lawatch/public_html/heb/long/html h_jan2000_long_g.htm
2000.06.12 11:16 B e:\lawatch\heb\long\html\h_jan2000_long_t.htm <-- lawatch /home/lawatch/public_html/heb/long/html h_jan2000_long_t.htm
2000.06.12 11:16 B e:\lawatch\heb\long\html\hapr_long_g.htm <-- lawatch /home/lawatch/public_html/heb/long/html hapr_long_g.htm
2000.06.12 11:16 B e:\lawatch\heb\long\html\hapr_long_t.htm <-- lawatch /home/lawatch/public_html/heb/long/html hapr_long_t.htm
2000.06.12 11:16 B e:\lawatch\heb\long\html\haug_long_g.htm <-- lawatch /home/lawatch/public_html/heb/long/html haug_long_g.htm
2000.06.12 11:16 B e:\lawatch\heb\long\html\haug_long_t.htm <-- lawatch /home/lawatch/public_html/heb/long/html haug_long_t.htm
2000.06.12 11:16 B e:\lawatch\heb\long\html\hdec_long_g.htm <-- lawatch /home/lawatch/public_html/heb/long/html hdec_long_g.htm
2000.06.12 11:16 B e:\lawatch\heb\long\html\hdec_long_t.htm <-- lawatch /home/lawatch/public_html/heb/long/html hdec_long_t.htm
2000.06.12 11:16 B e:\lawatch\heb\long\html\hfeb_00_long_g.htm <-- lawatch /home/lawatch/public_html/heb/long/html hfeb_00_long_g.htm
2000.06.12 11:16 B e:\lawatch\heb\long\html\hfeb_00_long_t.htm <-- lawatch /home/lawatch/public_html/heb/long/html hfeb_00_long_t.htm
2000.06.12 11:16 B e:\lawatch\heb\long\html\hfeb_long_g.htm <-- lawatch /home/lawatch/public_html/heb/long/html hfeb_long_g.htm
2000.06.12 11:16 B e:\lawatch\heb\long\html\hfeb_long_t.htm <-- lawatch /home/lawatch/public_html/heb/long/html hfeb_long_t.htm
2000.06.12 11:16 B e:\lawatch\heb\long\html\hjan_long_g.htm <-- lawatch /home/lawatch/public_html/heb/long/html hjan_long_g.htm
2000.06.12 11:16 B e:\lawatch\heb\long\html\hjan_long_t.htm <-- lawatch /home/lawatch/public_html/heb/long/html hjan_long_t.htm
2000.06.12 11:16 B e:\lawatch\heb\long\html\hjul_long_g.htm <-- lawatch /home/lawatch/public_html/heb/long/html hjul_long_g.htm
2000.06.12 11:16 B e:\lawatch\heb\long\html\hjul_long_t.htm <-- lawatch /home/lawatch/public_html/heb/long/html hjul_long_t.htm
2000.06.12 11:16 B e:\lawatch\heb\long\html\hjun_long_g.htm <-- lawatch /home/lawatch/public_html/heb/long/html hjun_long_g.htm
2000.06.12 11:16 B e:\lawatch\heb\long\html\hjun_long_t.htm <-- lawatch /home/lawatch/public_html/heb/long/html hjun_long_t.htm
2000.06.12 11:16 B e:\lawatch\heb\long\html\hmar_long_g.htm <-- lawatch /home/lawatch/public_html/heb/long/html hmar_long_g.htm
2000.06.12 11:16 B e:\lawatch\heb\long\html\hmar_long_t.htm <-- lawatch /home/lawatch/public_html/heb/long/html hmar_long_t.htm
2000.06.12 11:16 B e:\lawatch\heb\long\html\hmay_long_g.htm <-- lawatch /home/lawatch/public_html/heb/long/html hmay_long_g.htm
2000.06.12 11:16 B e:\lawatch\heb\long\html\hmay_long_t.htm <-- lawatch /home/lawatch/public_html/heb/long/html hmay_long_t.htm
2000.06.12 11:16 B e:\lawatch\heb\long\html\hnov_long_g.htm <-- lawatch /home/lawatch/public_html/heb/long/html hnov_long_g.htm
2000.06.12 11:16 B e:\lawatch\heb\long\html\hnov_long_t.htm <-- lawatch /home/lawatch/public_html/heb/long/html hnov_long_t.htm
2000.06.12 11:16 B e:\lawatch\heb\long\html\hoct_long_g.htm <-- lawatch /home/lawatch/public_html/heb/long/html hoct_long_g.htm
2000.06.12 11:16 B e:\lawatch\heb\long\html\hoct_long_t.htm <-- lawatch /home/lawatch/public_html/heb/long/html hoct_long_t.htm
2000.06.12 11:16 B e:\lawatch\heb\long\html\hsep_long_g.htm <-- lawatch /home/lawatch/public_html/heb/long/html hsep_long_g.htm
2000.06.12 11:16 B e:\lawatch\heb\long\html\hsep_long_t.htm <-- lawatch /home/lawatch/public_html/heb/long/html hsep_long_t.htm
