2000.03.27 11:54 B C:\tali\eng\quart\graphs_1999\e_first_quar_99_j1.jpg <-- lawatch /home/lawatch/public_html/eng/quart/graphs_1999 e_first_quar_99_j1.jpg
2000.03.27 11:54 B C:\tali\eng\quart\graphs_1999\e_first_quar_99_j21.jpg <-- lawatch /home/lawatch/public_html/eng/quart/graphs_1999 e_first_quar_99_j21.jpg
2000.03.27 11:54 B C:\tali\eng\quart\graphs_1999\e_first_quar_99_j22.jpg <-- lawatch /home/lawatch/public_html/eng/quart/graphs_1999 e_first_quar_99_j22.jpg
2000.03.27 11:54 B C:\tali\eng\quart\graphs_1999\e_first_quar_99_j23.jpg <-- lawatch /home/lawatch/public_html/eng/quart/graphs_1999 e_first_quar_99_j23.jpg
2000.03.27 11:54 B C:\tali\eng\quart\graphs_1999\e_first_quar_99_length.jpg <-- lawatch /home/lawatch/public_html/eng/quart/graphs_1999 e_first_quar_99_length.jpg
2000.03.27 11:54 B C:\tali\eng\quart\graphs_1999\e_first_quar_99_long.jpg <-- lawatch /home/lawatch/public_html/eng/quart/graphs_1999 e_first_quar_99_long.jpg
2000.03.27 11:54 B C:\tali\eng\quart\graphs_1999\e_first_quar_99_subject.jpg <-- lawatch /home/lawatch/public_html/eng/quart/graphs_1999 e_first_quar_99_subject.jpg
2000.03.27 11:54 B C:\tali\eng\quart\graphs_1999\e_second_quar_99_j1.jpg <-- lawatch /home/lawatch/public_html/eng/quart/graphs_1999 e_second_quar_99_j1.jpg
2000.03.27 11:54 B C:\tali\eng\quart\graphs_1999\e_second_quar_99_j21.jpg <-- lawatch /home/lawatch/public_html/eng/quart/graphs_1999 e_second_quar_99_j21.jpg
2000.03.27 11:54 B C:\tali\eng\quart\graphs_1999\e_second_quar_99_j22.jpg <-- lawatch /home/lawatch/public_html/eng/quart/graphs_1999 e_second_quar_99_j22.jpg
2000.03.27 11:54 B C:\tali\eng\quart\graphs_1999\e_second_quar_99_j23.jpg <-- lawatch /home/lawatch/public_html/eng/quart/graphs_1999 e_second_quar_99_j23.jpg
2000.03.27 11:54 B C:\tali\eng\quart\graphs_1999\e_second_quar_99_length.jpg <-- lawatch /home/lawatch/public_html/eng/quart/graphs_1999 e_second_quar_99_length.jpg
2000.03.27 11:54 B C:\tali\eng\quart\graphs_1999\e_second_quar_99_long.jpg <-- lawatch /home/lawatch/public_html/eng/quart/graphs_1999 e_second_quar_99_long.jpg
2000.03.27 11:54 B C:\tali\eng\quart\graphs_1999\e_second_quar_99_subject.jpg <-- lawatch /home/lawatch/public_html/eng/quart/graphs_1999 e_second_quar_99_subject.jpg
2000.03.27 11:54 B C:\tali\eng\quart\graphs_1999\e_third_quar_99_j1.jpg <-- lawatch /home/lawatch/public_html/eng/quart/graphs_1999 e_third_quar_99_j1.jpg
2000.03.27 11:54 B C:\tali\eng\quart\graphs_1999\e_third_quar_99_j21.jpg <-- lawatch /home/lawatch/public_html/eng/quart/graphs_1999 e_third_quar_99_j21.jpg
2000.03.27 11:54 B C:\tali\eng\quart\graphs_1999\e_third_quar_99_j22.jpg <-- lawatch /home/lawatch/public_html/eng/quart/graphs_1999 e_third_quar_99_j22.jpg
2000.03.27 11:54 B C:\tali\eng\quart\graphs_1999\e_third_quar_99_j23.jpg <-- lawatch /home/lawatch/public_html/eng/quart/graphs_1999 e_third_quar_99_j23.jpg
2000.03.27 11:54 B C:\tali\eng\quart\graphs_1999\e_third_quar_99_length.jpg <-- lawatch /home/lawatch/public_html/eng/quart/graphs_1999 e_third_quar_99_length.jpg
2000.03.27 11:54 B C:\tali\eng\quart\graphs_1999\e_third_quar_99_long.jpg <-- lawatch /home/lawatch/public_html/eng/quart/graphs_1999 e_third_quar_99_long.jpg
2000.03.27 11:54 B C:\tali\eng\quart\graphs_1999\e_third_quar_99_subject.jpg <-- lawatch /home/lawatch/public_html/eng/quart/graphs_1999 e_third_quar_99_subject.jpg
2000.03.27 13:51 B C:\tali\eng\quart\graphs_1999\e_first_quar_99_j1.jpg --> lawatch.haifa.ac.il /home/lawatch/public_html/eng/quart/graphs_1999 e_first_quar_99_j1.jpg
2000.03.27 13:51 B C:\tali\eng\quart\graphs_1999\e_first_quar_99_j21.jpg --> lawatch.haifa.ac.il /home/lawatch/public_html/eng/quart/graphs_1999 e_first_quar_99_j21.jpg
2000.03.27 13:51 B C:\tali\eng\quart\graphs_1999\e_first_quar_99_j22.jpg --> lawatch.haifa.ac.il /home/lawatch/public_html/eng/quart/graphs_1999 e_first_quar_99_j22.jpg
2000.03.27 13:51 B C:\tali\eng\quart\graphs_1999\e_first_quar_99_j23.jpg --> lawatch.haifa.ac.il /home/lawatch/public_html/eng/quart/graphs_1999 e_first_quar_99_j23.jpg
2000.03.27 13:51 B C:\tali\eng\quart\graphs_1999\e_first_quar_99_length.jpg --> lawatch.haifa.ac.il /home/lawatch/public_html/eng/quart/graphs_1999 e_first_quar_99_length.jpg
2000.03.27 13:51 B C:\tali\eng\quart\graphs_1999\e_first_quar_99_long.jpg --> lawatch.haifa.ac.il /home/lawatch/public_html/eng/quart/graphs_1999 e_first_quar_99_long.jpg
2000.03.27 13:51 B C:\tali\eng\quart\graphs_1999\e_first_quar_99_subject.jpg --> lawatch.haifa.ac.il /home/lawatch/public_html/eng/quart/graphs_1999 e_first_quar_99_subject.jpg
2000.03.27 13:51 B C:\tali\eng\quart\graphs_1999\e_second_quar_99_j1.jpg --> lawatch.haifa.ac.il /home/lawatch/public_html/eng/quart/graphs_1999 e_second_quar_99_j1.jpg
2000.03.27 13:51 B C:\tali\eng\quart\graphs_1999\e_second_quar_99_j21.jpg --> lawatch.haifa.ac.il /home/lawatch/public_html/eng/quart/graphs_1999 e_second_quar_99_j21.jpg
2000.03.27 13:51 B C:\tali\eng\quart\graphs_1999\e_second_quar_99_j22.jpg --> lawatch.haifa.ac.il /home/lawatch/public_html/eng/quart/graphs_1999 e_second_quar_99_j22.jpg
2000.03.27 13:51 B C:\tali\eng\quart\graphs_1999\e_second_quar_99_j23.jpg --> lawatch.haifa.ac.il /home/lawatch/public_html/eng/quart/graphs_1999 e_second_quar_99_j23.jpg
2000.03.27 13:51 B C:\tali\eng\quart\graphs_1999\e_second_quar_99_length.jpg --> lawatch.haifa.ac.il /home/lawatch/public_html/eng/quart/graphs_1999 e_second_quar_99_length.jpg
2000.03.27 13:51 B C:\tali\eng\quart\graphs_1999\e_second_quar_99_long.jpg --> lawatch.haifa.ac.il /home/lawatch/public_html/eng/quart/graphs_1999 e_second_quar_99_long.jpg
2000.03.27 13:51 B C:\tali\eng\quart\graphs_1999\e_second_quar_99_subject.jpg --> lawatch.haifa.ac.il /home/lawatch/public_html/eng/quart/graphs_1999 e_second_quar_99_subject.jpg
2000.03.27 13:51 B C:\tali\eng\quart\graphs_1999\e_third_quar_99_j1.jpg --> lawatch.haifa.ac.il /home/lawatch/public_html/eng/quart/graphs_1999 e_third_quar_99_j1.jpg
2000.03.27 13:51 B C:\tali\eng\quart\graphs_1999\e_third_quar_99_j21.jpg --> lawatch.haifa.ac.il /home/lawatch/public_html/eng/quart/graphs_1999 e_third_quar_99_j21.jpg
2000.03.27 13:51 B C:\tali\eng\quart\graphs_1999\e_third_quar_99_j22.jpg --> lawatch.haifa.ac.il /home/lawatch/public_html/eng/quart/graphs_1999 e_third_quar_99_j22.jpg
2000.03.27 13:51 B C:\tali\eng\quart\graphs_1999\e_third_quar_99_j23.jpg --> lawatch.haifa.ac.il /home/lawatch/public_html/eng/quart/graphs_1999 e_third_quar_99_j23.jpg
2000.03.27 13:51 B C:\tali\eng\quart\graphs_1999\e_third_quar_99_length.jpg --> lawatch.haifa.ac.il /home/lawatch/public_html/eng/quart/graphs_1999 e_third_quar_99_length.jpg
2000.03.27 13:51 B C:\tali\eng\quart\graphs_1999\e_third_quar_99_long.jpg --> lawatch.haifa.ac.il /home/lawatch/public_html/eng/quart/graphs_1999 e_third_quar_99_long.jpg
2000.03.27 13:51 B C:\tali\eng\quart\graphs_1999\e_third_quar_99_subject.jpg --> lawatch.haifa.ac.il /home/lawatch/public_html/eng/quart/graphs_1999 e_third_quar_99_subject.jpg
2000.06.12 11:13 B e:\lawatch\eng\quart\graphs_1999\WS_FTP.LOG <-- lawatch /home/lawatch/public_html/eng/quart/graphs_1999 WS_FTP.LOG
