2000.06.12 11:15 B e:\lawatch\eng1\quart\html_1999\apr_jun_99.htm <-- lawatch /home/lawatch/public_html/eng1/quart/html_1999 apr_jun_99.htm
2000.06.12 11:15 B e:\lawatch\eng1\quart\html_1999\apr_jun_99_j.htm <-- lawatch /home/lawatch/public_html/eng1/quart/html_1999 apr_jun_99_j.htm
2000.06.12 11:15 B e:\lawatch\eng1\quart\html_1999\apr_jun_99_j2.htm <-- lawatch /home/lawatch/public_html/eng1/quart/html_1999 apr_jun_99_j2.htm
2000.06.12 11:15 B e:\lawatch\eng1\quart\html_1999\apr_jun_99_s.htm <-- lawatch /home/lawatch/public_html/eng1/quart/html_1999 apr_jun_99_s.htm
2000.06.12 11:15 B e:\lawatch\eng1\quart\html_1999\apr_jun_decision_t.htm <-- lawatch /home/lawatch/public_html/eng1/quart/html_1999 apr_jun_decision_t.htm
2000.06.12 11:15 B e:\lawatch\eng1\quart\html_1999\apr_jun_judge_t.htm <-- lawatch /home/lawatch/public_html/eng1/quart/html_1999 apr_jun_judge_t.htm
2000.06.12 11:15 B e:\lawatch\eng1\quart\html_1999\apr_jun_long_g.htm <-- lawatch /home/lawatch/public_html/eng1/quart/html_1999 apr_jun_long_g.htm
2000.06.12 11:15 B e:\lawatch\eng1\quart\html_1999\apr_jun_long_t.htm <-- lawatch /home/lawatch/public_html/eng1/quart/html_1999 apr_jun_long_t.htm
2000.06.12 11:15 B e:\lawatch\eng1\quart\html_1999\jan_mar_decision_t.htm <-- lawatch /home/lawatch/public_html/eng1/quart/html_1999 jan_mar_decision_t.htm
2000.06.12 11:15 B e:\lawatch\eng1\quart\html_1999\jan_mar_j.htm <-- lawatch /home/lawatch/public_html/eng1/quart/html_1999 jan_mar_j.htm
2000.06.12 11:15 B e:\lawatch\eng1\quart\html_1999\jan_mar_j2.htm <-- lawatch /home/lawatch/public_html/eng1/quart/html_1999 jan_mar_j2.htm
2000.06.12 11:15 B e:\lawatch\eng1\quart\html_1999\jan_mar_judge_t.htm <-- lawatch /home/lawatch/public_html/eng1/quart/html_1999 jan_mar_judge_t.htm
2000.06.12 11:15 B e:\lawatch\eng1\quart\html_1999\jan_mar_long_g.htm <-- lawatch /home/lawatch/public_html/eng1/quart/html_1999 jan_mar_long_g.htm
2000.06.12 11:15 B e:\lawatch\eng1\quart\html_1999\jan_mar_long_t.htm <-- lawatch /home/lawatch/public_html/eng1/quart/html_1999 jan_mar_long_t.htm
2000.06.12 11:15 B e:\lawatch\eng1\quart\html_1999\jan_mar_s.htm <-- lawatch /home/lawatch/public_html/eng1/quart/html_1999 jan_mar_s.htm
2000.06.12 11:15 B e:\lawatch\eng1\quart\html_1999\jul_sep_99.htm <-- lawatch /home/lawatch/public_html/eng1/quart/html_1999 jul_sep_99.htm
2000.06.12 11:15 B e:\lawatch\eng1\quart\html_1999\jul_sep_99_j.htm <-- lawatch /home/lawatch/public_html/eng1/quart/html_1999 jul_sep_99_j.htm
2000.06.12 11:15 B e:\lawatch\eng1\quart\html_1999\jul_sep_99_j2.htm <-- lawatch /home/lawatch/public_html/eng1/quart/html_1999 jul_sep_99_j2.htm
2000.06.12 11:15 B e:\lawatch\eng1\quart\html_1999\jul_sep_99_s.htm <-- lawatch /home/lawatch/public_html/eng1/quart/html_1999 jul_sep_99_s.htm
2000.06.12 11:15 B e:\lawatch\eng1\quart\html_1999\jul_sep_decision_t.htm <-- lawatch /home/lawatch/public_html/eng1/quart/html_1999 jul_sep_decision_t.htm
2000.06.12 11:15 B e:\lawatch\eng1\quart\html_1999\jul_sep_judge_t.htm <-- lawatch /home/lawatch/public_html/eng1/quart/html_1999 jul_sep_judge_t.htm
2000.06.12 11:15 B e:\lawatch\eng1\quart\html_1999\jul_sep_long_g.htm <-- lawatch /home/lawatch/public_html/eng1/quart/html_1999 jul_sep_long_g.htm
2000.06.12 11:15 B e:\lawatch\eng1\quart\html_1999\jul_sep_long_t.htm <-- lawatch /home/lawatch/public_html/eng1/quart/html_1999 jul_sep_long_t.htm
