2000.06.12 11:16 B e:\lawatch\heb\monthly\html\h_feb00_month_g1.htm <-- lawatch /home/lawatch/public_html/heb/monthly/html h_feb00_month_g1.htm
2000.06.12 11:16 B e:\lawatch\heb\monthly\html\h_feb00_month_g2.htm <-- lawatch /home/lawatch/public_html/heb/monthly/html h_feb00_month_g2.htm
2000.06.12 11:16 B e:\lawatch\heb\monthly\html\h_feb00_month_t.htm <-- lawatch /home/lawatch/public_html/heb/monthly/html h_feb00_month_t.htm
2000.06.12 11:16 B e:\lawatch\heb\monthly\html\hapr_month_g1.htm <-- lawatch /home/lawatch/public_html/heb/monthly/html hapr_month_g1.htm
2000.06.12 11:16 B e:\lawatch\heb\monthly\html\hapr_month_g2.htm <-- lawatch /home/lawatch/public_html/heb/monthly/html hapr_month_g2.htm
2000.06.12 11:16 B e:\lawatch\heb\monthly\html\hapr_month_t.htm <-- lawatch /home/lawatch/public_html/heb/monthly/html hapr_month_t.htm
2000.06.12 11:16 B e:\lawatch\heb\monthly\html\haug_month_g1.htm <-- lawatch /home/lawatch/public_html/heb/monthly/html haug_month_g1.htm
2000.06.12 11:16 B e:\lawatch\heb\monthly\html\haug_month_g2.htm <-- lawatch /home/lawatch/public_html/heb/monthly/html haug_month_g2.htm
2000.06.12 11:16 B e:\lawatch\heb\monthly\html\haug_month_t.htm <-- lawatch /home/lawatch/public_html/heb/monthly/html haug_month_t.htm
2000.06.12 11:16 B e:\lawatch\heb\monthly\html\hdec_month_g1.htm <-- lawatch /home/lawatch/public_html/heb/monthly/html hdec_month_g1.htm
2000.06.12 11:16 B e:\lawatch\heb\monthly\html\hdec_month_g2.htm <-- lawatch /home/lawatch/public_html/heb/monthly/html hdec_month_g2.htm
2000.06.12 11:16 B e:\lawatch\heb\monthly\html\hdec_month_t.htm <-- lawatch /home/lawatch/public_html/heb/monthly/html hdec_month_t.htm
2000.06.12 11:16 B e:\lawatch\heb\monthly\html\hfeb_month_g1.htm <-- lawatch /home/lawatch/public_html/heb/monthly/html hfeb_month_g1.htm
2000.06.12 11:16 B e:\lawatch\heb\monthly\html\hfeb_month_g2.htm <-- lawatch /home/lawatch/public_html/heb/monthly/html hfeb_month_g2.htm
2000.06.12 11:16 B e:\lawatch\heb\monthly\html\hfeb_month_t.htm <-- lawatch /home/lawatch/public_html/heb/monthly/html hfeb_month_t.htm
2000.06.12 11:16 B e:\lawatch\heb\monthly\html\hjan_00_month_g1.htm <-- lawatch /home/lawatch/public_html/heb/monthly/html hjan_00_month_g1.htm
2000.06.12 11:16 B e:\lawatch\heb\monthly\html\hjan_00_month_g2.htm <-- lawatch /home/lawatch/public_html/heb/monthly/html hjan_00_month_g2.htm
2000.06.12 11:16 B e:\lawatch\heb\monthly\html\hjan_00_month_t.htm <-- lawatch /home/lawatch/public_html/heb/monthly/html hjan_00_month_t.htm
2000.06.12 11:16 B e:\lawatch\heb\monthly\html\hjan_month_g1.htm <-- lawatch /home/lawatch/public_html/heb/monthly/html hjan_month_g1.htm
2000.06.12 11:16 B e:\lawatch\heb\monthly\html\hjan_month_g2.htm <-- lawatch /home/lawatch/public_html/heb/monthly/html hjan_month_g2.htm
2000.06.12 11:16 B e:\lawatch\heb\monthly\html\hjan_month_t.htm <-- lawatch /home/lawatch/public_html/heb/monthly/html hjan_month_t.htm
2000.06.12 11:16 B e:\lawatch\heb\monthly\html\hjul_month_g1.htm <-- lawatch /home/lawatch/public_html/heb/monthly/html hjul_month_g1.htm
2000.06.12 11:16 B e:\lawatch\heb\monthly\html\hjul_month_g2.htm <-- lawatch /home/lawatch/public_html/heb/monthly/html hjul_month_g2.htm
2000.06.12 11:16 B e:\lawatch\heb\monthly\html\hjul_month_t.htm <-- lawatch /home/lawatch/public_html/heb/monthly/html hjul_month_t.htm
2000.06.12 11:16 B e:\lawatch\heb\monthly\html\hjun_month_g1.htm <-- lawatch /home/lawatch/public_html/heb/monthly/html hjun_month_g1.htm
2000.06.12 11:16 B e:\lawatch\heb\monthly\html\hjun_month_g2.htm <-- lawatch /home/lawatch/public_html/heb/monthly/html hjun_month_g2.htm
2000.06.12 11:16 B e:\lawatch\heb\monthly\html\hjun_month_t.htm <-- lawatch /home/lawatch/public_html/heb/monthly/html hjun_month_t.htm
2000.06.12 11:16 B e:\lawatch\heb\monthly\html\hmar_month_g1.htm <-- lawatch /home/lawatch/public_html/heb/monthly/html hmar_month_g1.htm
2000.06.12 11:16 B e:\lawatch\heb\monthly\html\hmar_month_g2.htm <-- lawatch /home/lawatch/public_html/heb/monthly/html hmar_month_g2.htm
2000.06.12 11:16 B e:\lawatch\heb\monthly\html\hmar_month_t.htm <-- lawatch /home/lawatch/public_html/heb/monthly/html hmar_month_t.htm
2000.06.12 11:16 B e:\lawatch\heb\monthly\html\hmay_month_g1.htm <-- lawatch /home/lawatch/public_html/heb/monthly/html hmay_month_g1.htm
2000.06.12 11:16 B e:\lawatch\heb\monthly\html\hmay_month_g2.htm <-- lawatch /home/lawatch/public_html/heb/monthly/html hmay_month_g2.htm
2000.06.12 11:16 B e:\lawatch\heb\monthly\html\hmay_month_t.htm <-- lawatch /home/lawatch/public_html/heb/monthly/html hmay_month_t.htm
2000.06.12 11:16 B e:\lawatch\heb\monthly\html\hnov_month_g1.htm <-- lawatch /home/lawatch/public_html/heb/monthly/html hnov_month_g1.htm
2000.06.12 11:16 B e:\lawatch\heb\monthly\html\hnov_month_g2.htm <-- lawatch /home/lawatch/public_html/heb/monthly/html hnov_month_g2.htm
2000.06.12 11:16 B e:\lawatch\heb\monthly\html\hnov_month_t.htm <-- lawatch /home/lawatch/public_html/heb/monthly/html hnov_month_t.htm
2000.06.12 11:16 B e:\lawatch\heb\monthly\html\hoct_month_g1.htm <-- lawatch /home/lawatch/public_html/heb/monthly/html hoct_month_g1.htm
2000.06.12 11:16 B e:\lawatch\heb\monthly\html\hoct_month_g2.htm <-- lawatch /home/lawatch/public_html/heb/monthly/html hoct_month_g2.htm
2000.06.12 11:16 B e:\lawatch\heb\monthly\html\hoct_month_t.htm <-- lawatch /home/lawatch/public_html/heb/monthly/html hoct_month_t.htm
2000.06.12 11:16 B e:\lawatch\heb\monthly\html\hsep_month_g1.htm <-- lawatch /home/lawatch/public_html/heb/monthly/html hsep_month_g1.htm
2000.06.12 11:16 B e:\lawatch\heb\monthly\html\hsep_month_g2.htm <-- lawatch /home/lawatch/public_html/heb/monthly/html hsep_month_g2.htm
2000.06.12 11:16 B e:\lawatch\heb\monthly\html\hsep_month_t.htm <-- lawatch /home/lawatch/public_html/heb/monthly/html hsep_month_t.htm
